#
# A fatal error has been detected by the Java Runtime Environment:
#
#  SIGILL (0x4) at pc=0x00007ff5a41acc4b, pid=143415, tid=143416
#
# JRE version: OpenJDK Runtime Environment (22.0.1) (build 22.0.1-internal-adhoc.conda.src)
# Java VM: OpenJDK 64-Bit Server VM (22.0.1-internal-adhoc.conda.src, mixed mode, sharing, tiered, compressed oops, compressed class ptrs, g1 gc, linux-amd64)
# Problematic frame:
# C  [libhmsbeagle.so.1+0x5c4b]  beagleLoadPlugins()+0x1db
#
# Core dump will be written. Default location: /mnt/wslg/dumps/core.%e.143415
#
# If you would like to submit a bug report, please visit:
#   https://bugreport.java.com/bugreport/crash.jsp
# The crash happened outside the Java Virtual Machine in native code.
# See problematic frame for where to report the bug.
#

---------------  S U M M A R Y ------------

Command Line: -Xms64m -Xmx2048m -Djava.library.path=/home/albertotr/miniconda3/envs/beast/lib:/usr/local/lib: dr.app.beast.BeastMain -h

Host: 13th Gen Intel(R) Core(TM) i7-1355U, 12 cores, 15G, Ubuntu 22.04.4 LTS
Time: Wed Aug 21 15:09:41 2024 BST elapsed time: 0.074709 seconds (0d 0h 0m 0s)

---------------  T H R E A D  ---------------

Current thread (0x00007ff5c0016f60):  JavaThread "main"             [_thread_in_native, id=143416, stack(0x00007ff5c48df000,0x00007ff5c49df000) (1024K)]

Stack: [0x00007ff5c48df000,0x00007ff5c49df000],  sp=0x00007ff5c49dd480,  free space=1017k
Native frames: (J=compiled Java code, j=interpreted, Vv=VM code, C=native code)
C  [libhmsbeagle.so.1+0x5c4b]  beagleLoadPlugins()+0x1db
Java frames: (J=compiled Java code, j=interpreted, Vv=VM code)
j  beagle.BeagleJNIWrapper.getResourceList()[Lbeagle/ResourceDetails;+0
j  beagle.BeagleFactory.getBeagleJNIWrapper()Lbeagle/BeagleJNIWrapper;+50
j  beagle.BeagleFactory.getVersion()Ljava/lang/String;+0
j  beagle.BeagleInfo.getVersionNumbers()[I+0
j  dr.app.beast.BeastMain.main([Ljava/lang/String;)V+859
v  ~StubRoutines::call_stub 0x00007ff5b0083cc6

siginfo: si_signo: 4 (SIGILL), si_code: 2 (ILL_ILLOPN), si_addr: 0x00007ff5a41acc4b

Registers:
RAX=0x00007ff5c015b240, RBX=0x00007ff5c0017320, RCX=0x0000000000000001, RDX=0x00007ff5c00008e0
RSP=0x00007ff5c49dd480, RBP=0x00007ff5a41bc060, RSI=0x00007ff5c015b200, RDI=0x0000000000000010
R8 =0x00007ff542419960, R9 =0x0000000000000000, R10=0x00007ff5b008fb0d, R11=0x0000000000000101
R12=0x0000000000000000, R13=0x00007ff542419960, R14=0x00007ff5c49dd670, R15=0x00007ff5c0016f60
RIP=0x00007ff5a41acc4b, EFLAGS=0x0000000000010202, CSGSFS=0x002b000000000033, ERR=0x0000000000000000
  TRAPNO=0x0000000000000006


Register to memory mapping:

RAX=0x00007ff5c015b240 points into unknown readable memory: 0x00007ff23f49b35b | 5b b3 49 3f f2 7f 00 00
RBX=0x00007ff5c0017320 points into unknown readable memory: 0x00007ff5c607f040 | 40 f0 07 c6 f5 7f 00 00
RCX=0x0000000000000001 is an unknown value
RDX=0x00007ff5c00008e0 points into unknown readable memory: 0x0000000100010000 | 00 00 01 00 01 00 00 00
RSP=0x00007ff5c49dd480 is pointing into the stack for thread: 0x00007ff5c0016f60
RBP=0x00007ff5a41bc060: _Z7pluginsB5cxx11+0x0000000000000000 in /home/albertotr/miniconda3/envs/beast/lib/./libhmsbeagle.so.1 at 0x00007ff5a41a7000
RSI=0x00007ff5c015b200 points into unknown readable memory: 0x00007ff5c606c3f8 | f8 c3 06 c6 f5 7f 00 00
RDI=0x0000000000000010 is an unknown value
R8 ={method} {0x00007ff542419960} 'getResourceList' '()[Lbeagle/ResourceDetails;' in 'beagle/BeagleJNIWrapper'
R9 =0x0 is null
R10=0x00007ff5b008fb0d is at code_begin+1005 in an Interpreter codelet
native method entry point (kind = native)  [0x00007ff5b008f720, 0x00007ff5b0090190]  2672 bytes
R11=0x0000000000000101 is an unknown value
R12=0x0 is null
R13={method} {0x00007ff542419960} 'getResourceList' '()[Lbeagle/ResourceDetails;' in 'beagle/BeagleJNIWrapper'
R14=0x00007ff5c49dd670 is pointing into the stack for thread: 0x00007ff5c0016f60
R15=0x00007ff5c0016f60 is a thread

Top of Stack: (sp=0x00007ff5c49dd480)
0x00007ff5c49dd480:   0000000000000000 00000000c0150000
0x00007ff5c49dd490:   00007ff547004602 00007ff5c49dd390
0x00007ff5c49dd4a0:   0000000000000000 7ce8d48591f37b00
0x00007ff5c49dd4b0:   00007ff5b00a6780 00007ff5c0017320
0x00007ff5c49dd4c0:   00007ff5c49dd580 0000000000000000
0x00007ff5c49dd4d0:   00007ff542419960 00007ff5a41af0ae
0x00007ff5c49dd4e0:   0000000000000000 0000000000000000
0x00007ff5c49dd4f0:   00007ff54241b400 0000000000000000
0x00007ff5c49dd500:   00007ff5c0016f60 0000000000000000
0x00007ff5c49dd510:   0000000000000000 00007ff5a41c0200
0x00007ff5c49dd520:   0000000000000000 0000000000000000
0x00007ff5c49dd530:   0000000000000000 0000000000000000
0x00007ff5c49dd540:   0000000000000000 7ce8d48591f37b00
0x00007ff5c49dd550:   00007ff5c0016f60 00007ff5c0017320
0x00007ff5c49dd560:   0000000000000000 00007ff542419960
0x00007ff5c49dd570:   00007ff5c49dd670 00007ff5c0016f60
0x00007ff5c49dd580:   00007ff5c49dd650 00007ff5a41c02b7
0x00007ff5c49dd590:   00007ff5c49dd5e0 00007ff5c556d277
0x00007ff5c49dd5a0:   00007ff542419960 00007ff5c0016f60
0x00007ff5c49dd5b0:   00007ff5c49dd670 7ce8d48591f37b00
0x00007ff5c49dd5c0:   00007ff5c49dd5f0 00007ff542419960
0x00007ff5c49dd5d0:   00007ff5c49dd650 0000000000000000
0x00007ff5c49dd5e0:   00007ff542419960 00007ff5c49dd670
0x00007ff5c49dd5f0:   00007ff5c0016f60 00007ff5b008fb3c
0x00007ff5c49dd600:   00007ff5b008f7db fffffffffffffff7
0x00007ff5c49dd610:   00007ff542419960 0000000000000004
0x00007ff5c49dd620:   00007ff54241b3d0 0000000000000000
0x00007ff5c49dd630:   0000000083e05b20 00007ff542419960
0x00007ff5c49dd640:   0000000000000000 00007ff5c49dd670
0x00007ff5c49dd650:   00007ff5c49dd6c0 00007ff5b008b37a
0x00007ff5c49dd660:   0000000000000000 00007ff5b008d11a
0x00007ff5c49dd670:   0000000083e06588 fffffffffffffff7 

Instructions: (pc=0x00007ff5a41acc4b)
0x00007ff5a41acb4b:   8d 35 de b4 00 00 48 89 df ff 15 46 f3 00 00 4c
0x00007ff5a41acb5b:   8b 65 00 49 89 c5 bf 18 00 00 00 ff 15 5c f2 00
0x00007ff5a41acb6b:   00 4c 89 68 10 48 89 c7 4c 89 e6 ff 15 b4 f0 00
0x00007ff5a41acb7b:   00 49 ff 44 24 10 48 8d 35 b8 b4 00 00 48 89 df
0x00007ff5a41acb8b:   ff 15 0f f3 00 00 4c 8b 65 00 49 89 c5 bf 18 00
0x00007ff5a41acb9b:   00 00 ff 15 25 f2 00 00 4c 89 68 10 48 89 c7 4c
0x00007ff5a41acbab:   89 e6 ff 15 7d f0 00 00 49 ff 44 24 10 48 8d 35
0x00007ff5a41acbbb:   99 b4 00 00 48 89 df ff 15 d8 f2 00 00 4c 8b 65
0x00007ff5a41acbcb:   00 49 89 c5 bf 18 00 00 00 ff 15 ee f1 00 00 4c
0x00007ff5a41acbdb:   89 68 10 48 89 c7 4c 89 e6 ff 15 46 f0 00 00 49
0x00007ff5a41acbeb:   ff 44 24 10 48 8d 35 74 b4 00 00 48 89 df ff 15
0x00007ff5a41acbfb:   a1 f2 00 00 48 8b 5d 00 49 89 c4 bf 18 00 00 00
0x00007ff5a41acc0b:   ff 15 b7 f1 00 00 4c 89 60 10 48 89 c7 48 89 de
0x00007ff5a41acc1b:   ff 15 0f f0 00 00 48 ff 43 10 48 8b 44 24 28 64
0x00007ff5a41acc2b:   48 2b 04 25 28 00 00 00 75 31 48 83 c4 38 5b 5d
0x00007ff5a41acc3b:   41 5c 41 5d c3 bf 18 00 00 00 ff 15 7d f1 00 00
0x00007ff5a41acc4b:   62 f2 fd 08 7c c0 48 c7 40 10 00 00 00 00 48 89
0x00007ff5a41acc5b:   45 00 c5 fa 7f 00 e9 36 fe ff ff ff 15 9c f1 00
0x00007ff5a41acc6b:   00 49 89 c4 48 89 d0 e9 b9 f3 ff ff 49 89 c4 48
0x00007ff5a41acc7b:   89 d0 e9 ef f3 ff ff 49 89 c4 48 89 d0 e9 25 f4
0x00007ff5a41acc8b:   ff ff 49 89 c4 48 89 d0 e9 95 f4 ff ff 49 89 c4
0x00007ff5a41acc9b:   48 89 d0 e9 c7 f4 ff ff 49 89 c4 48 89 d0 e9 91
0x00007ff5a41accab:   f5 ff ff 48 89 c3 48 89 d0 e9 30 f5 ff ff 0f 1f
0x00007ff5a41accbb:   80 00 00 00 00 c3 66 2e 0f 1f 84 00 00 00 00 00
0x00007ff5a41acccb:   0f 1f 44 00 00 48 8b 05 81 ef 00 00 41 54 55 48
0x00007ff5a41accdb:   8b 2d e7 f1 00 00 53 4c 8b 20 4d 85 e4 74 0b 8b
0x00007ff5a41acceb:   7d 00 85 ff 0f 85 fb 00 00 00 48 8b 05 54 ef 00
0x00007ff5a41accfb:   00 4c 8b 20 4d 85 e4 74 0b 8b 75 00 85 f6 0f 85
0x00007ff5a41acd0b:   a9 00 00 00 48 8b 1d ca ef 00 00 48 8b 03 48 85
0x00007ff5a41acd1b:   c0 74 34 8b 4d 00 85 c9 75 1b 48 8b 05 34 f2 00
0x00007ff5a41acd2b:   00 48 83 38 00 74 48 c7 45 00 00 00 00 00 5b 5d
0x00007ff5a41acd3b:   41 5c c3 66 90 48 8b 38 ff 15 d7 f0 00 00 48 8b 


Stack slot to memory mapping:

stack at sp + 0 slots: 0x0 is null
stack at sp + 1 slots: 0x00000000c0150000 is an unallocated location in the heap
stack at sp + 2 slots: 0x00007ff547004602 is pointing into metadata
stack at sp + 3 slots: 0x00007ff5c49dd390 is pointing into the stack for thread: 0x00007ff5c0016f60
stack at sp + 4 slots: 0x0 is null
stack at sp + 5 slots: 0x7ce8d48591f37b00 is an unknown value
stack at sp + 6 slots: 0x00007ff5b00a6780 is at code_begin+0 in 
[CodeBlob (0x00007ff5b00a6710)]
Framesize: 0
BufferBlob (0x00007ff5b00a6710) used for Signature Handler Temp Buffer
stack at sp + 7 slots: 0x00007ff5c0017320 points into unknown readable memory: 0x00007ff5c607f040 | 40 f0 07 c6 f5 7f 00 00


---------------  P R O C E S S  ---------------

Threads class SMR info:
_java_thread_list=0x00007ff5280e8e00, length=11, elements={
0x00007ff5c0016f60, 0x00007ff5c010f7a0, 0x00007ff5c0110e00, 0x00007ff5c0112a20,
0x00007ff5c0114070, 0x00007ff5c0115620, 0x00007ff5c0117150, 0x00007ff5c0118870,
0x00007ff5c01269b0, 0x00007ff5c012ae10, 0x00007ff5280e7f60
}

Java Threads: ( => current thread )
=>0x00007ff5c0016f60 JavaThread "main"                              [_thread_in_native, id=143416, stack(0x00007ff5c48df000,0x00007ff5c49df000) (1024K)]
  0x00007ff5c010f7a0 JavaThread "Reference Handler"          daemon [_thread_blocked, id=143424, stack(0x00007ff5a4bc3000,0x00007ff5a4cc3000) (1024K)]
  0x00007ff5c0110e00 JavaThread "Finalizer"                  daemon [_thread_blocked, id=143425, stack(0x00007ff5a4ac2000,0x00007ff5a4bc2000) (1024K)]
  0x00007ff5c0112a20 JavaThread "Signal Dispatcher"          daemon [_thread_blocked, id=143426, stack(0x00007ff5a49c1000,0x00007ff5a4ac1000) (1024K)]
  0x00007ff5c0114070 JavaThread "Service Thread"             daemon [_thread_blocked, id=143427, stack(0x00007ff5a48c0000,0x00007ff5a49c0000) (1024K)]
  0x00007ff5c0115620 JavaThread "Monitor Deflation Thread"   daemon [_thread_blocked, id=143428, stack(0x00007ff5a47bf000,0x00007ff5a48bf000) (1024K)]
  0x00007ff5c0117150 JavaThread "C2 CompilerThread0"         daemon [_thread_blocked, id=143429, stack(0x00007ff5a46be000,0x00007ff5a47be000) (1024K)]
  0x00007ff5c0118870 JavaThread "C1 CompilerThread0"         daemon [_thread_blocked, id=143430, stack(0x00007ff5a45bd000,0x00007ff5a46bd000) (1024K)]
  0x00007ff5c01269b0 JavaThread "Notification Thread"        daemon [_thread_blocked, id=143431, stack(0x00007ff5a43eb000,0x00007ff5a44eb000) (1024K)]
  0x00007ff5c012ae10 JavaThread "Common-Cleaner"             daemon [_thread_blocked, id=143432, stack(0x00007ff5a42ea000,0x00007ff5a43ea000) (1024K)]
  0x00007ff5280e7f60 JavaThread "C2 CompilerThread1"         daemon [_thread_blocked, id=143433, stack(0x00007ff5a41d2000,0x00007ff5a42d2000) (1024K)]
Total: 11

Other Threads:
  0x00007ff5c00ffda0 VMThread "VM Thread"                           [id=143423, stack(0x00007ff5a4d1b000,0x00007ff5a4e1b000) (1024K)]
  0x00007ff5c00e5650 WatcherThread "VM Periodic Task Thread"        [id=143422, stack(0x00007ff5a4e1c000,0x00007ff5a4f1c000) (1024K)]
  0x00007ff5c00519c0 WorkerThread "GC Thread#0"                     [id=143417, stack(0x00007ff5a5e48000,0x00007ff5a5f48000) (1024K)]
  0x00007ff5c0063000 ConcurrentGCThread "G1 Main Marker"            [id=143418, stack(0x00007ff5a5d47000,0x00007ff5a5e47000) (1024K)]
  0x00007ff5c0063fb0 WorkerThread "G1 Conc#0"                       [id=143419, stack(0x00007ff5a5c46000,0x00007ff5a5d46000) (1024K)]
  0x00007ff5c00c9980 ConcurrentGCThread "G1 Refine#0"               [id=143420, stack(0x00007ff5a513b000,0x00007ff5a523b000) (1024K)]
  0x00007ff5c00ca950 ConcurrentGCThread "G1 Service"                [id=143421, stack(0x00007ff5a503a000,0x00007ff5a513a000) (1024K)]
Total: 7

Threads with active compile tasks:
Total: 0

VM state: not at safepoint (normal execution)

VM Mutex/Monitor currently owned by a thread: None

Heap address: 0x0000000080000000, size: 2048 MB, Compressed Oops mode: 32-bit

CDS archive(s) mapped at: [0x00007ff546000000-0x00007ff546c77000-0x00007ff546c77000), size 13070336, SharedBaseAddress: 0x00007ff546000000, ArchiveRelocationMode: 1.
Compressed class space mapped at: 0x00007ff547000000-0x00007ff587000000, reserved size: 1073741824
Narrow klass base: 0x00007ff546000000, Narrow klass shift: 0, Narrow klass range: 0x100000000

GC Precious Log:
 CardTable entry size: 512
 Card Set container configuration: InlinePtr #cards 5 size 8 Array Of Cards #cards 12 size 40 Howl #buckets 4 coarsen threshold 1843 Howl Bitmap #cards 512 size 80 coarsen threshold 460 Card regions per heap region 1 cards per card region 2048
 CPUs: 12 total, 12 available
 Memory: 15815M
 Large Page Support: Disabled
 NUMA Support: Disabled
 Compressed Oops: Enabled (32-bit)
 Heap Region Size: 1M
 Heap Min Capacity: 64M
 Heap Initial Capacity: 64M
 Heap Max Capacity: 2G
 Pre-touch: Disabled
 Parallel Workers: 10
 Concurrent Workers: 3
 Concurrent Refinement Workers: 10
 Periodic GC: Disabled

Heap:
 garbage-first heap   total reserved 2097152K, committed 67584K, used 3106K [0x0000000080000000, 0x0000000100000000)
  region size 1024K, 2 young (2048K), 0 survivors (0K)
 Metaspace       used 304K, committed 448K, reserved 1114112K
  class space    used 31K, committed 128K, reserved 1048576K

Heap Regions: E=young(eden), S=young(survivor), O=old, HS=humongous(starts), HC=humongous(continues), CS=collection set, F=free, TAMS=top-at-mark-start, PB=parsable bottom
|   0|0x0000000080000000, 0x0000000080100000, 0x0000000080100000|100%|HS|  |TAMS 0x0000000080000000| PB 0x0000000080000000| Complete |  0
|   1|0x0000000080100000, 0x0000000080100000, 0x0000000080200000|  0%| F|  |TAMS 0x0000000080100000| PB 0x0000000080100000| Untracked |  0
|   2|0x0000000080200000, 0x0000000080200000, 0x0000000080300000|  0%| F|  |TAMS 0x0000000080200000| PB 0x0000000080200000| Untracked |  0
|   3|0x0000000080300000, 0x0000000080300000, 0x0000000080400000|  0%| F|  |TAMS 0x0000000080300000| PB 0x0000000080300000| Untracked |  0
|   4|0x0000000080400000, 0x0000000080400000, 0x0000000080500000|  0%| F|  |TAMS 0x0000000080400000| PB 0x0000000080400000| Untracked |  0
|   5|0x0000000080500000, 0x0000000080500000, 0x0000000080600000|  0%| F|  |TAMS 0x0000000080500000| PB 0x0000000080500000| Untracked |  0
|   6|0x0000000080600000, 0x0000000080600000, 0x0000000080700000|  0%| F|  |TAMS 0x0000000080600000| PB 0x0000000080600000| Untracked |  0
|   7|0x0000000080700000, 0x0000000080700000, 0x0000000080800000|  0%| F|  |TAMS 0x0000000080700000| PB 0x0000000080700000| Untracked |  0
|   8|0x0000000080800000, 0x0000000080800000, 0x0000000080900000|  0%| F|  |TAMS 0x0000000080800000| PB 0x0000000080800000| Untracked |  0
|   9|0x0000000080900000, 0x0000000080900000, 0x0000000080a00000|  0%| F|  |TAMS 0x0000000080900000| PB 0x0000000080900000| Untracked |  0
|  10|0x0000000080a00000, 0x0000000080a00000, 0x0000000080b00000|  0%| F|  |TAMS 0x0000000080a00000| PB 0x0000000080a00000| Untracked |  0
|  11|0x0000000080b00000, 0x0000000080b00000, 0x0000000080c00000|  0%| F|  |TAMS 0x0000000080b00000| PB 0x0000000080b00000| Untracked |  0
|  12|0x0000000080c00000, 0x0000000080c00000, 0x0000000080d00000|  0%| F|  |TAMS 0x0000000080c00000| PB 0x0000000080c00000| Untracked |  0
|  13|0x0000000080d00000, 0x0000000080d00000, 0x0000000080e00000|  0%| F|  |TAMS 0x0000000080d00000| PB 0x0000000080d00000| Untracked |  0
|  14|0x0000000080e00000, 0x0000000080e00000, 0x0000000080f00000|  0%| F|  |TAMS 0x0000000080e00000| PB 0x0000000080e00000| Untracked |  0
|  15|0x0000000080f00000, 0x0000000080f00000, 0x0000000081000000|  0%| F|  |TAMS 0x0000000080f00000| PB 0x0000000080f00000| Untracked |  0
|  16|0x0000000081000000, 0x0000000081000000, 0x0000000081100000|  0%| F|  |TAMS 0x0000000081000000| PB 0x0000000081000000| Untracked |  0
|  17|0x0000000081100000, 0x0000000081100000, 0x0000000081200000|  0%| F|  |TAMS 0x0000000081100000| PB 0x0000000081100000| Untracked |  0
|  18|0x0000000081200000, 0x0000000081200000, 0x0000000081300000|  0%| F|  |TAMS 0x0000000081200000| PB 0x0000000081200000| Untracked |  0
|  19|0x0000000081300000, 0x0000000081300000, 0x0000000081400000|  0%| F|  |TAMS 0x0000000081300000| PB 0x0000000081300000| Untracked |  0
|  20|0x0000000081400000, 0x0000000081400000, 0x0000000081500000|  0%| F|  |TAMS 0x0000000081400000| PB 0x0000000081400000| Untracked |  0
|  21|0x0000000081500000, 0x0000000081500000, 0x0000000081600000|  0%| F|  |TAMS 0x0000000081500000| PB 0x0000000081500000| Untracked |  0
|  22|0x0000000081600000, 0x0000000081600000, 0x0000000081700000|  0%| F|  |TAMS 0x0000000081600000| PB 0x0000000081600000| Untracked |  0
|  23|0x0000000081700000, 0x0000000081700000, 0x0000000081800000|  0%| F|  |TAMS 0x0000000081700000| PB 0x0000000081700000| Untracked |  0
|  24|0x0000000081800000, 0x0000000081800000, 0x0000000081900000|  0%| F|  |TAMS 0x0000000081800000| PB 0x0000000081800000| Untracked |  0
|  25|0x0000000081900000, 0x0000000081900000, 0x0000000081a00000|  0%| F|  |TAMS 0x0000000081900000| PB 0x0000000081900000| Untracked |  0
|  26|0x0000000081a00000, 0x0000000081a00000, 0x0000000081b00000|  0%| F|  |TAMS 0x0000000081a00000| PB 0x0000000081a00000| Untracked |  0
|  27|0x0000000081b00000, 0x0000000081b00000, 0x0000000081c00000|  0%| F|  |TAMS 0x0000000081b00000| PB 0x0000000081b00000| Untracked |  0
|  28|0x0000000081c00000, 0x0000000081c00000, 0x0000000081d00000|  0%| F|  |TAMS 0x0000000081c00000| PB 0x0000000081c00000| Untracked |  0
|  29|0x0000000081d00000, 0x0000000081d00000, 0x0000000081e00000|  0%| F|  |TAMS 0x0000000081d00000| PB 0x0000000081d00000| Untracked |  0
|  30|0x0000000081e00000, 0x0000000081e00000, 0x0000000081f00000|  0%| F|  |TAMS 0x0000000081e00000| PB 0x0000000081e00000| Untracked |  0
|  31|0x0000000081f00000, 0x0000000081f00000, 0x0000000082000000|  0%| F|  |TAMS 0x0000000081f00000| PB 0x0000000081f00000| Untracked |  0
|  32|0x0000000082000000, 0x0000000082000000, 0x0000000082100000|  0%| F|  |TAMS 0x0000000082000000| PB 0x0000000082000000| Untracked |  0
|  33|0x0000000082100000, 0x0000000082100000, 0x0000000082200000|  0%| F|  |TAMS 0x0000000082100000| PB 0x0000000082100000| Untracked |  0
|  34|0x0000000082200000, 0x0000000082200000, 0x0000000082300000|  0%| F|  |TAMS 0x0000000082200000| PB 0x0000000082200000| Untracked |  0
|  35|0x0000000082300000, 0x0000000082300000, 0x0000000082400000|  0%| F|  |TAMS 0x0000000082300000| PB 0x0000000082300000| Untracked |  0
|  36|0x0000000082400000, 0x0000000082400000, 0x0000000082500000|  0%| F|  |TAMS 0x0000000082400000| PB 0x0000000082400000| Untracked |  0
|  37|0x0000000082500000, 0x0000000082500000, 0x0000000082600000|  0%| F|  |TAMS 0x0000000082500000| PB 0x0000000082500000| Untracked |  0
|  38|0x0000000082600000, 0x0000000082600000, 0x0000000082700000|  0%| F|  |TAMS 0x0000000082600000| PB 0x0000000082600000| Untracked |  0
|  39|0x0000000082700000, 0x0000000082700000, 0x0000000082800000|  0%| F|  |TAMS 0x0000000082700000| PB 0x0000000082700000| Untracked |  0
|  40|0x0000000082800000, 0x0000000082800000, 0x0000000082900000|  0%| F|  |TAMS 0x0000000082800000| PB 0x0000000082800000| Untracked |  0
|  41|0x0000000082900000, 0x0000000082900000, 0x0000000082a00000|  0%| F|  |TAMS 0x0000000082900000| PB 0x0000000082900000| Untracked |  0
|  42|0x0000000082a00000, 0x0000000082a00000, 0x0000000082b00000|  0%| F|  |TAMS 0x0000000082a00000| PB 0x0000000082a00000| Untracked |  0
|  43|0x0000000082b00000, 0x0000000082b00000, 0x0000000082c00000|  0%| F|  |TAMS 0x0000000082b00000| PB 0x0000000082b00000| Untracked |  0
|  44|0x0000000082c00000, 0x0000000082c00000, 0x0000000082d00000|  0%| F|  |TAMS 0x0000000082c00000| PB 0x0000000082c00000| Untracked |  0
|  45|0x0000000082d00000, 0x0000000082d00000, 0x0000000082e00000|  0%| F|  |TAMS 0x0000000082d00000| PB 0x0000000082d00000| Untracked |  0
|  46|0x0000000082e00000, 0x0000000082e00000, 0x0000000082f00000|  0%| F|  |TAMS 0x0000000082e00000| PB 0x0000000082e00000| Untracked |  0
|  47|0x0000000082f00000, 0x0000000082f00000, 0x0000000083000000|  0%| F|  |TAMS 0x0000000082f00000| PB 0x0000000082f00000| Untracked |  0
|  48|0x0000000083000000, 0x0000000083000000, 0x0000000083100000|  0%| F|  |TAMS 0x0000000083000000| PB 0x0000000083000000| Untracked |  0
|  49|0x0000000083100000, 0x0000000083100000, 0x0000000083200000|  0%| F|  |TAMS 0x0000000083100000| PB 0x0000000083100000| Untracked |  0
|  50|0x0000000083200000, 0x0000000083200000, 0x0000000083300000|  0%| F|  |TAMS 0x0000000083200000| PB 0x0000000083200000| Untracked |  0
|  51|0x0000000083300000, 0x0000000083300000, 0x0000000083400000|  0%| F|  |TAMS 0x0000000083300000| PB 0x0000000083300000| Untracked |  0
|  52|0x0000000083400000, 0x0000000083400000, 0x0000000083500000|  0%| F|  |TAMS 0x0000000083400000| PB 0x0000000083400000| Untracked |  0
|  53|0x0000000083500000, 0x0000000083500000, 0x0000000083600000|  0%| F|  |TAMS 0x0000000083500000| PB 0x0000000083500000| Untracked |  0
|  54|0x0000000083600000, 0x0000000083600000, 0x0000000083700000|  0%| F|  |TAMS 0x0000000083600000| PB 0x0000000083600000| Untracked |  0
|  55|0x0000000083700000, 0x0000000083700000, 0x0000000083800000|  0%| F|  |TAMS 0x0000000083700000| PB 0x0000000083700000| Untracked |  0
|  56|0x0000000083800000, 0x0000000083800000, 0x0000000083900000|  0%| F|  |TAMS 0x0000000083800000| PB 0x0000000083800000| Untracked |  0
|  57|0x0000000083900000, 0x0000000083900000, 0x0000000083a00000|  0%| F|  |TAMS 0x0000000083900000| PB 0x0000000083900000| Untracked |  0
|  58|0x0000000083a00000, 0x0000000083a00000, 0x0000000083b00000|  0%| F|  |TAMS 0x0000000083a00000| PB 0x0000000083a00000| Untracked |  0
|  59|0x0000000083b00000, 0x0000000083b00000, 0x0000000083c00000|  0%| F|  |TAMS 0x0000000083b00000| PB 0x0000000083b00000| Untracked |  0
|  60|0x0000000083c00000, 0x0000000083c00000, 0x0000000083d00000|  0%| F|  |TAMS 0x0000000083c00000| PB 0x0000000083c00000| Untracked |  0
|  61|0x0000000083d00000, 0x0000000083d00000, 0x0000000083e00000|  0%| F|  |TAMS 0x0000000083d00000| PB 0x0000000083d00000| Untracked |  0
|  62|0x0000000083e00000, 0x0000000083e7b120, 0x0000000083f00000| 48%| E|  |TAMS 0x0000000083e00000| PB 0x0000000083e00000| Complete |  0
|  63|0x0000000083f00000, 0x0000000084000000, 0x0000000084000000|100%| E|CS|TAMS 0x0000000083f00000| PB 0x0000000083f00000| Complete |  0
|2046|0x00000000ffe00000, 0x00000000fff00000, 0x00000000fff00000|100%| O|  |TAMS 0x00000000ffe00000| PB 0x00000000ffe00000| Untracked |  0
|2047|0x00000000fff00000, 0x00000000fff088f0, 0x0000000100000000|  3%| O|  |TAMS 0x00000000fff00000| PB 0x00000000fff00000| Untracked |  0

Card table byte_map: [0x00007ff5a7f48000,0x00007ff5a8348000] _byte_map_base: 0x00007ff5a7b48000

Marking Bits: (CMBitMap*) 0x00007ff5c0052500
 Bits: [0x00007ff5a5f48000, 0x00007ff5a7f48000)

Polling page: 0x00007ff5c6374000

Metaspace:

Usage:
  Non-class:    273.12 KB used.
      Class:     31.79 KB used.
       Both:    304.91 KB used.

Virtual space:
  Non-class space:       64.00 MB reserved,     320.00 KB ( <1%) committed,  1 nodes.
      Class space:        1.00 GB reserved,     128.00 KB ( <1%) committed,  1 nodes.
             Both:        1.06 GB reserved,     448.00 KB ( <1%) committed. 

Chunk freelists:
   Non-Class:  11.89 MB
       Class:  15.72 MB
        Both:  27.61 MB

MaxMetaspaceSize: unlimited
CompressedClassSpaceSize: 1.00 GB
Initial GC threshold: 21.00 MB
Current GC threshold: 21.00 MB
CDS: on
 - commit_granule_bytes: 65536.
 - commit_granule_words: 8192.
 - virtual_space_node_default_size: 8388608.
 - enlarge_chunks_in_place: 1.
 - use_allocation_guard: 0.


Internal statistics:

num_allocs_failed_limit: 0.
num_arena_births: 4.
num_arena_deaths: 0.
num_vsnodes_births: 2.
num_vsnodes_deaths: 0.
num_space_committed: 7.
num_space_uncommitted: 0.
num_chunks_returned_to_freelist: 0.
num_chunks_taken_from_freelist: 15.
num_chunk_merges: 0.
num_chunk_splits: 6.
num_chunks_enlarged: 2.
num_inconsistent_stats: 0.

CodeHeap 'non-profiled nmethods': size=120028Kb used=18Kb max_used=18Kb free=120009Kb
 bounds [0x00007ff5b0615000, 0x00007ff5b0885000, 0x00007ff5b7b4c000]
CodeHeap 'profiled nmethods': size=120028Kb used=71Kb max_used=71Kb free=119956Kb
 bounds [0x00007ff5a8b4c000, 0x00007ff5a8dbc000, 0x00007ff5b0083000]
CodeHeap 'non-nmethods': size=5704Kb used=1217Kb max_used=1217Kb free=4486Kb
 bounds [0x00007ff5b0083000, 0x00007ff5b02f3000, 0x00007ff5b0615000]
 total_blobs=412 nmethods=60 adapters=259
 compilation: enabled
              stopped_count=0, restarted_count=0
 full_count=0

Compilation events (20 events):
Event: 0.057 Thread 0x00007ff5c0118870   50       3       java.lang.String::getBytes (44 bytes)
Event: 0.058 Thread 0x00007ff5c0118870 nmethod 50 0x00007ff5a8b5b590 code [0x00007ff5a8b5b760, 0x00007ff5a8b5ba48]
Event: 0.058 Thread 0x00007ff5280e7f60   51       4       java.lang.Object::<init> (1 bytes)
Event: 0.058 Thread 0x00007ff5280e7f60 nmethod 51 0x00007ff5b0619490 code [0x00007ff5b0619600, 0x00007ff5b0619688]
Event: 0.058 Thread 0x00007ff5c0118870   53       3       java.lang.StringLatin1::equals (36 bytes)
Event: 0.058 Thread 0x00007ff5c0118870 nmethod 53 0x00007ff5a8b5bb90 code [0x00007ff5a8b5bd40, 0x00007ff5a8b5bfb8]
Event: 0.059 Thread 0x00007ff5c0118870   55       3       java.lang.AbstractStringBuilder::ensureCapacityInternal (39 bytes)
Event: 0.059 Thread 0x00007ff5c0118870 nmethod 55 0x00007ff5a8b5c110 code [0x00007ff5a8b5c2c0, 0x00007ff5a8b5c4e0]
Event: 0.059 Thread 0x00007ff5c0118870   54       1       java.util.zip.Inflater$InflaterZStreamRef::address (5 bytes)
Event: 0.059 Thread 0x00007ff5c0118870 nmethod 54 0x00007ff5b0619790 code [0x00007ff5b0619920, 0x00007ff5b06199e0]
Event: 0.059 Thread 0x00007ff5c0118870   56       3       jdk.internal.misc.Unsafe::getLongUnaligned (173 bytes)
Event: 0.059 Thread 0x00007ff5c0118870 nmethod 56 0x00007ff5a8b5c610 code [0x00007ff5a8b5c7e0, 0x00007ff5a8b5cbb8]
Event: 0.059 Thread 0x00007ff5c0118870   57       3       java.lang.String::<init> (15 bytes)
Event: 0.060 Thread 0x00007ff5c0118870 nmethod 57 0x00007ff5a8b5cc90 code [0x00007ff5a8b5ce20, 0x00007ff5a8b5cfd0]
Event: 0.060 Thread 0x00007ff5c0118870   58       3       java.lang.AbstractStringBuilder::putStringAt (19 bytes)
Event: 0.060 Thread 0x00007ff5c0118870 nmethod 58 0x00007ff5a8b5d090 code [0x00007ff5a8b5d260, 0x00007ff5a8b5d530]
Event: 0.060 Thread 0x00007ff5c0118870   59       3       java.lang.AbstractStringBuilder::inflateIfNeededFor (22 bytes)
Event: 0.060 Thread 0x00007ff5c0118870 nmethod 59 0x00007ff5a8b5d690 code [0x00007ff5a8b5d840, 0x00007ff5a8b5da50]
Event: 0.060 Thread 0x00007ff5c0118870   60       3       java.lang.StringBuilder::append (8 bytes)
Event: 0.060 Thread 0x00007ff5c0118870 nmethod 60 0x00007ff5a8b5db90 code [0x00007ff5a8b5dd20, 0x00007ff5a8b5de68]

GC Heap History (0 events):
No events

Dll operation events (5 events):
Event: 0.004 Loaded shared library /home/albertotr/miniconda3/envs/beast/lib/jvm/lib/libjava.so
Event: 0.036 Loaded shared library /home/albertotr/miniconda3/envs/beast/lib/jvm/lib/libjsvml.so
Event: 0.041 Loaded shared library /home/albertotr/miniconda3/envs/beast/lib/jvm/lib/libnio.so
Event: 0.048 Loaded shared library /home/albertotr/miniconda3/envs/beast/lib/jvm/lib/libzip.so
Event: 0.061 Loaded shared library /home/albertotr/miniconda3/envs/beast/lib/libhmsbeagle-jni.so

Deoptimization events (0 events):
No events

Classes loaded (20 events):
Event: 0.053 Loading class org/w3c/dom/DOMException
Event: 0.053 Loading class org/w3c/dom/DOMException done
Event: 0.054 Loading class java/util/logging/Filter
Event: 0.054 Loading class java/util/logging/Filter done
Event: 0.054 Loading class java/util/logging/StreamHandler
Event: 0.054 Loading class java/util/logging/StreamHandler done
Event: 0.054 Loading class java/util/logging/ConsoleHandler
Event: 0.054 Loading class java/util/logging/ConsoleHandler done
Event: 0.054 Loading class java/io/Reader
Event: 0.054 Loading class java/io/Reader done
Event: 0.054 Loading class java/io/FileReader
Event: 0.054 Loading class java/io/InputStreamReader
Event: 0.054 Loading class java/io/InputStreamReader done
Event: 0.054 Loading class java/io/FileReader done
Event: 0.055 Loading class java/lang/AssertionError
Event: 0.055 Loading class java/lang/AssertionError done
Event: 0.057 Loading class java/lang/NumberFormatException
Event: 0.057 Loading class java/lang/NumberFormatException done
Event: 0.059 Loading class java/lang/UnsatisfiedLinkError
Event: 0.059 Loading class java/lang/UnsatisfiedLinkError done

Classes unloaded (0 events):
No events

Classes redefined (0 events):
No events

Internal exceptions (0 events):
No events

ZGC Phase Switch (0 events):
No events

VM Operations (0 events):
No events

Events (20 events):
Event: 0.019 Thread 0x00007ff5c010f7a0 Thread added: 0x00007ff5c010f7a0
Event: 0.019 Protecting memory [0x00007ff5a4bc3000,0x00007ff5a4bc7000] with protection modes 0
Event: 0.019 Thread 0x00007ff5c0110e00 Thread added: 0x00007ff5c0110e00
Event: 0.019 Protecting memory [0x00007ff5a4ac2000,0x00007ff5a4ac6000] with protection modes 0
Event: 0.020 Thread 0x00007ff5c0112a20 Thread added: 0x00007ff5c0112a20
Event: 0.020 Protecting memory [0x00007ff5a49c1000,0x00007ff5a49c5000] with protection modes 0
Event: 0.034 Thread 0x00007ff5c0114070 Thread added: 0x00007ff5c0114070
Event: 0.035 Protecting memory [0x00007ff5a48c0000,0x00007ff5a48c4000] with protection modes 0
Event: 0.035 Thread 0x00007ff5c0115620 Thread added: 0x00007ff5c0115620
Event: 0.035 Protecting memory [0x00007ff5a47bf000,0x00007ff5a47c3000] with protection modes 0
Event: 0.035 Thread 0x00007ff5c0117150 Thread added: 0x00007ff5c0117150
Event: 0.035 Protecting memory [0x00007ff5a46be000,0x00007ff5a46c2000] with protection modes 0
Event: 0.035 Thread 0x00007ff5c0118870 Thread added: 0x00007ff5c0118870
Event: 0.036 Protecting memory [0x00007ff5a45bd000,0x00007ff5a45c1000] with protection modes 0
Event: 0.038 Thread 0x00007ff5c01269b0 Thread added: 0x00007ff5c01269b0
Event: 0.038 Protecting memory [0x00007ff5a43eb000,0x00007ff5a43ef000] with protection modes 0
Event: 0.040 Thread 0x00007ff5c012ae10 Thread added: 0x00007ff5c012ae10
Event: 0.040 Protecting memory [0x00007ff5a42ea000,0x00007ff5a42ee000] with protection modes 0
Event: 0.045 Thread 0x00007ff5280e7f60 Thread added: 0x00007ff5280e7f60
Event: 0.045 Protecting memory [0x00007ff5a41d2000,0x00007ff5a41d6000] with protection modes 0


Dynamic libraries:
80000000-84000000 rw-p 00000000 00:00 0 
84000000-ffe00000 ---p 00000000 00:00 0 
ffe00000-fff09000 rw-p 00cb6000 08:20 558735                             /home/albertotr/miniconda3/envs/beast/lib/jvm/lib/server/classes.jsa
fff09000-100000000 rw-p 00000000 00:00 0 
5653d8bf5000-5653d8bf6000 r--p 00000000 08:20 525658                     /home/albertotr/miniconda3/envs/beast/lib/jvm/bin/java
5653d8bf6000-5653d8bf7000 r-xp 00001000 08:20 525658                     /home/albertotr/miniconda3/envs/beast/lib/jvm/bin/java
5653d8bf7000-5653d8bf8000 r--p 00002000 08:20 525658                     /home/albertotr/miniconda3/envs/beast/lib/jvm/bin/java
5653d8bf8000-5653d8bf9000 r--p 00002000 08:20 525658                     /home/albertotr/miniconda3/envs/beast/lib/jvm/bin/java
5653d8bf9000-5653d8bfa000 rw-p 00003000 08:20 525658                     /home/albertotr/miniconda3/envs/beast/lib/jvm/bin/java
5653d9ebc000-5653d9f04000 rw-p 00000000 00:00 0                          [heap]
7ff514000000-7ff514021000 rw-p 00000000 00:00 0 
7ff514021000-7ff518000000 ---p 00000000 00:00 0 
7ff518000000-7ff518026000 rw-p 00000000 00:00 0 
7ff518026000-7ff51c000000 ---p 00000000 00:00 0 
7ff51c000000-7ff51c086000 rw-p 00000000 00:00 0 
7ff51c086000-7ff520000000 ---p 00000000 00:00 0 
7ff520000000-7ff520021000 rw-p 00000000 00:00 0 
7ff520021000-7ff524000000 ---p 00000000 00:00 0 
7ff524000000-7ff524021000 rw-p 00000000 00:00 0 
7ff524021000-7ff528000000 ---p 00000000 00:00 0 
7ff528000000-7ff528189000 rw-p 00000000 00:00 0 
7ff528189000-7ff52c000000 ---p 00000000 00:00 0 
7ff52c000000-7ff52c021000 rw-p 00000000 00:00 0 
7ff52c021000-7ff530000000 ---p 00000000 00:00 0 
7ff530000000-7ff530021000 rw-p 00000000 00:00 0 
7ff530021000-7ff534000000 ---p 00000000 00:00 0 
7ff534000000-7ff534021000 rw-p 00000000 00:00 0 
7ff534021000-7ff538000000 ---p 00000000 00:00 0 
7ff538000000-7ff538021000 rw-p 00000000 00:00 0 
7ff538021000-7ff53c000000 ---p 00000000 00:00 0 
7ff53c000000-7ff53c021000 rw-p 00000000 00:00 0 
7ff53c021000-7ff540000000 ---p 00000000 00:00 0 
7ff542000000-7ff542030000 rw-p 00000000 00:00 0 
7ff542030000-7ff542400000 ---p 00000000 00:00 0 
7ff542400000-7ff542420000 rw-p 00000000 00:00 0 
7ff542420000-7ff546000000 ---p 00000000 00:00 0 
7ff546000000-7ff546c77000 rw-p 00001000 08:20 558735                     /home/albertotr/miniconda3/envs/beast/lib/jvm/lib/server/classes.jsa
7ff546c77000-7ff547000000 ---p 00000000 00:00 0 
7ff547000000-7ff547010000 rw-p 00000000 00:00 0 
7ff547010000-7ff547040000 ---p 00000000 00:00 0 
7ff547040000-7ff547050000 rw-p 00000000 00:00 0 
7ff547050000-7ff587000000 ---p 00000000 00:00 0 
7ff588000000-7ff588021000 rw-p 00000000 00:00 0 
7ff588021000-7ff58c000000 ---p 00000000 00:00 0 
7ff58c000000-7ff58c021000 rw-p 00000000 00:00 0 
7ff58c021000-7ff590000000 ---p 00000000 00:00 0 
7ff590000000-7ff590021000 rw-p 00000000 00:00 0 
7ff590021000-7ff594000000 ---p 00000000 00:00 0 
7ff596000000-7ff598000000 rw-p 00000000 00:00 0 
7ff598000000-7ff598021000 rw-p 00000000 00:00 0 
7ff598021000-7ff59c000000 ---p 00000000 00:00 0 
7ff59c000000-7ff59c021000 rw-p 00000000 00:00 0 
7ff59c021000-7ff5a0000000 ---p 00000000 00:00 0 
7ff5a0000000-7ff5a0021000 rw-p 00000000 00:00 0 
7ff5a0021000-7ff5a4000000 ---p 00000000 00:00 0 
7ff5a41a7000-7ff5a41ac000 r--p 00000000 08:20 525120                     /home/albertotr/miniconda3/envs/beast/lib/libhmsbeagle.so.1
7ff5a41ac000-7ff5a41b8000 r-xp 00005000 08:20 525120                     /home/albertotr/miniconda3/envs/beast/lib/libhmsbeagle.so.1
7ff5a41b8000-7ff5a41bb000 r--p 00011000 08:20 525120                     /home/albertotr/miniconda3/envs/beast/lib/libhmsbeagle.so.1
7ff5a41bb000-7ff5a41bc000 r--p 00013000 08:20 525120                     /home/albertotr/miniconda3/envs/beast/lib/libhmsbeagle.so.1
7ff5a41bc000-7ff5a41bd000 rw-p 00014000 08:20 525120                     /home/albertotr/miniconda3/envs/beast/lib/libhmsbeagle.so.1
7ff5a41bd000-7ff5a41c0000 r--p 00000000 08:20 524910                     /home/albertotr/miniconda3/envs/beast/lib/libhmsbeagle-jni.so
7ff5a41c0000-7ff5a41c3000 r-xp 00003000 08:20 524910                     /home/albertotr/miniconda3/envs/beast/lib/libhmsbeagle-jni.so
7ff5a41c3000-7ff5a41c5000 r--p 00006000 08:20 524910                     /home/albertotr/miniconda3/envs/beast/lib/libhmsbeagle-jni.so
7ff5a41c5000-7ff5a41c6000 r--p 00007000 08:20 524910                     /home/albertotr/miniconda3/envs/beast/lib/libhmsbeagle-jni.so
7ff5a41c6000-7ff5a41c7000 rw-p 00008000 08:20 524910                     /home/albertotr/miniconda3/envs/beast/lib/libhmsbeagle-jni.so
7ff5a41c7000-7ff5a41c9000 r--p 00000000 08:20 558906                     /home/albertotr/miniconda3/envs/beast/lib/jvm/lib/libzip.so
7ff5a41c9000-7ff5a41cd000 r-xp 00002000 08:20 558906                     /home/albertotr/miniconda3/envs/beast/lib/jvm/lib/libzip.so
7ff5a41cd000-7ff5a41cf000 r--p 00006000 08:20 558906                     /home/albertotr/miniconda3/envs/beast/lib/jvm/lib/libzip.so
7ff5a41cf000-7ff5a41d0000 r--p 00007000 08:20 558906                     /home/albertotr/miniconda3/envs/beast/lib/jvm/lib/libzip.so
7ff5a41d0000-7ff5a41d1000 rw-p 00008000 08:20 558906                     /home/albertotr/miniconda3/envs/beast/lib/jvm/lib/libzip.so
7ff5a41d1000-7ff5a41d2000 ---p 00000000 00:00 0 
7ff5a41d2000-7ff5a41d6000 ---p 00000000 00:00 0 
7ff5a41d6000-7ff5a42d2000 rw-p 00000000 00:00 0 
7ff5a42d2000-7ff5a42da000 r--p 00000000 08:20 559087                     /home/albertotr/miniconda3/envs/beast/lib/jvm/lib/libnio.so
7ff5a42da000-7ff5a42e3000 r-xp 00008000 08:20 559087                     /home/albertotr/miniconda3/envs/beast/lib/jvm/lib/libnio.so
7ff5a42e3000-7ff5a42e7000 r--p 00011000 08:20 559087                     /home/albertotr/miniconda3/envs/beast/lib/jvm/lib/libnio.so
7ff5a42e7000-7ff5a42e8000 r--p 00015000 08:20 559087                     /home/albertotr/miniconda3/envs/beast/lib/jvm/lib/libnio.so
7ff5a42e8000-7ff5a42e9000 rw-p 00016000 08:20 559087                     /home/albertotr/miniconda3/envs/beast/lib/jvm/lib/libnio.so
7ff5a42e9000-7ff5a42ea000 ---p 00000000 00:00 0 
7ff5a42ea000-7ff5a42ee000 ---p 00000000 00:00 0 
7ff5a42ee000-7ff5a43ea000 rw-p 00000000 00:00 0 
7ff5a43ea000-7ff5a43eb000 ---p 00000000 00:00 0 
7ff5a43eb000-7ff5a43ef000 ---p 00000000 00:00 0 
7ff5a43ef000-7ff5a44eb000 rw-p 00000000 00:00 0 
7ff5a44eb000-7ff5a44f0000 r--p 00000000 08:20 559405                     /home/albertotr/miniconda3/envs/beast/lib/jvm/lib/libjsvml.so
7ff5a44f0000-7ff5a4531000 r-xp 00005000 08:20 559405                     /home/albertotr/miniconda3/envs/beast/lib/jvm/lib/libjsvml.so
7ff5a4531000-7ff5a45ba000 r--p 00046000 08:20 559405                     /home/albertotr/miniconda3/envs/beast/lib/jvm/lib/libjsvml.so
7ff5a45ba000-7ff5a45bb000 r--p 000ce000 08:20 559405                     /home/albertotr/miniconda3/envs/beast/lib/jvm/lib/libjsvml.so
7ff5a45bb000-7ff5a45bc000 rw-p 000cf000 08:20 559405                     /home/albertotr/miniconda3/envs/beast/lib/jvm/lib/libjsvml.so
7ff5a45bc000-7ff5a45bd000 ---p 00000000 00:00 0 
7ff5a45bd000-7ff5a45c1000 ---p 00000000 00:00 0 
7ff5a45c1000-7ff5a46bd000 rw-p 00000000 00:00 0 
7ff5a46bd000-7ff5a46be000 ---p 00000000 00:00 0 
7ff5a46be000-7ff5a46c2000 ---p 00000000 00:00 0 
7ff5a46c2000-7ff5a47be000 rw-p 00000000 00:00 0 
7ff5a47be000-7ff5a47bf000 ---p 00000000 00:00 0 
7ff5a47bf000-7ff5a47c3000 ---p 00000000 00:00 0 
7ff5a47c3000-7ff5a48bf000 rw-p 00000000 00:00 0 
7ff5a48bf000-7ff5a48c0000 ---p 00000000 00:00 0 
7ff5a48c0000-7ff5a48c4000 ---p 00000000 00:00 0 
7ff5a48c4000-7ff5a49c0000 rw-p 00000000 00:00 0 
7ff5a49c0000-7ff5a49c1000 ---p 00000000 00:00 0 
7ff5a49c1000-7ff5a49c5000 ---p 00000000 00:00 0 
7ff5a49c5000-7ff5a4ac1000 rw-p 00000000 00:00 0 
7ff5a4ac1000-7ff5a4ac2000 ---p 00000000 00:00 0 
7ff5a4ac2000-7ff5a4ac6000 ---p 00000000 00:00 0 
7ff5a4ac6000-7ff5a4bc2000 rw-p 00000000 00:00 0 
7ff5a4bc2000-7ff5a4bc3000 ---p 00000000 00:00 0 
7ff5a4bc3000-7ff5a4bc7000 ---p 00000000 00:00 0 
7ff5a4bc7000-7ff5a4cc3000 rw-p 00000000 00:00 0 
7ff5a4cc3000-7ff5a4d1a000 r--p 00000000 08:20 19620                      /usr/lib/locale/C.utf8/LC_CTYPE
7ff5a4d1a000-7ff5a4d1b000 ---p 00000000 00:00 0 
7ff5a4d1b000-7ff5a4e1b000 rw-p 00000000 00:00 0 
7ff5a4e1b000-7ff5a4e1c000 ---p 00000000 00:00 0 
7ff5a4e1c000-7ff5a5039000 rw-p 00000000 00:00 0 
7ff5a5039000-7ff5a503a000 ---p 00000000 00:00 0 
7ff5a503a000-7ff5a513a000 rw-p 00000000 00:00 0 
7ff5a513a000-7ff5a513b000 ---p 00000000 00:00 0 
7ff5a513b000-7ff5a5c45000 rw-p 00000000 00:00 0 
7ff5a5c45000-7ff5a5c46000 ---p 00000000 00:00 0 
7ff5a5c46000-7ff5a5d46000 rw-p 00000000 00:00 0 
7ff5a5d46000-7ff5a5d47000 ---p 00000000 00:00 0 
7ff5a5d47000-7ff5a5e47000 rw-p 00000000 00:00 0 
7ff5a5e47000-7ff5a5e48000 ---p 00000000 00:00 0 
7ff5a5e48000-7ff5a6048000 rw-p 00000000 00:00 0 
7ff5a6048000-7ff5a7f40000 ---p 00000000 00:00 0 
7ff5a7f40000-7ff5a7f68000 rw-p 00000000 00:00 0 
7ff5a7f68000-7ff5a8347000 ---p 00000000 00:00 0 
7ff5a8347000-7ff5a8368000 rw-p 00000000 00:00 0 
7ff5a8368000-7ff5a8747000 ---p 00000000 00:00 0 
7ff5a8747000-7ff5a8b4c000 rw-p 00000000 00:00 0 
7ff5a8b4c000-7ff5a8dbc000 rwxp 00000000 00:00 0 
7ff5a8dbc000-7ff5b0083000 ---p 00000000 00:00 0 
7ff5b0083000-7ff5b02f3000 rwxp 00000000 00:00 0 
7ff5b02f3000-7ff5b0615000 ---p 00000000 00:00 0 
7ff5b0615000-7ff5b0885000 rwxp 00000000 00:00 0 
7ff5b0885000-7ff5b7b4c000 ---p 00000000 00:00 0 
7ff5b7b4c000-7ff5c0000000 r--s 00000000 08:20 560117                     /home/albertotr/miniconda3/envs/beast/lib/jvm/lib/modules
7ff5c0000000-7ff5c016e000 rw-p 00000000 00:00 0 
7ff5c016e000-7ff5c4000000 ---p 00000000 00:00 0 
7ff5c4001000-7ff5c4004000 r--p 00000000 08:20 558835                     /home/albertotr/miniconda3/envs/beast/lib/jvm/lib/libnet.so
7ff5c4004000-7ff5c400c000 r-xp 00003000 08:20 558835                     /home/albertotr/miniconda3/envs/beast/lib/jvm/lib/libnet.so
7ff5c400c000-7ff5c400e000 r--p 0000b000 08:20 558835                     /home/albertotr/miniconda3/envs/beast/lib/jvm/lib/libnet.so
7ff5c400e000-7ff5c400f000 r--p 0000c000 08:20 558835                     /home/albertotr/miniconda3/envs/beast/lib/jvm/lib/libnet.so
7ff5c400f000-7ff5c4010000 rw-p 0000d000 08:20 558835                     /home/albertotr/miniconda3/envs/beast/lib/jvm/lib/libnet.so
7ff5c4010000-7ff5c4011000 r--p 00000000 08:20 19627                      /usr/lib/locale/C.utf8/LC_NUMERIC
7ff5c4011000-7ff5c4012000 r--p 00000000 08:20 19630                      /usr/lib/locale/C.utf8/LC_TIME
7ff5c4012000-7ff5c4013000 r--p 00000000 08:20 19619                      /usr/lib/locale/C.utf8/LC_COLLATE
7ff5c4013000-7ff5c4014000 r--p 00000000 08:20 19625                      /usr/lib/locale/C.utf8/LC_MONETARY
7ff5c4014000-7ff5c4015000 r--p 00000000 08:20 19623                      /usr/lib/locale/C.utf8/LC_MESSAGES/SYS_LC_MESSAGES
7ff5c4015000-7ff5c4016000 r--p 00000000 08:20 19628                      /usr/lib/locale/C.utf8/LC_PAPER
7ff5c4016000-7ff5c4017000 r--p 00000000 08:20 19626                      /usr/lib/locale/C.utf8/LC_NAME
7ff5c4017000-7ff5c4018000 r--p 00000000 08:20 19618                      /usr/lib/locale/C.utf8/LC_ADDRESS
7ff5c4018000-7ff5c401f000 r--s 00000000 08:20 35965                      /usr/lib/x86_64-linux-gnu/gconv/gconv-modules.cache
7ff5c401f000-7ff5c46d0000 rw-p 00000000 00:00 0 
7ff5c46d0000-7ff5c47b6000 ---p 00000000 00:00 0 
7ff5c47b6000-7ff5c47bb000 rw-p 00000000 00:00 0 
7ff5c47bb000-7ff5c48a1000 ---p 00000000 00:00 0 
7ff5c48a1000-7ff5c48a6000 rw-p 00000000 00:00 0 
7ff5c48a6000-7ff5c48ad000 ---p 00000000 00:00 0 
7ff5c48ad000-7ff5c48bb000 r--p 00000000 08:20 558736                     /home/albertotr/miniconda3/envs/beast/lib/jvm/lib/libjava.so
7ff5c48bb000-7ff5c48c8000 r-xp 0000e000 08:20 558736                     /home/albertotr/miniconda3/envs/beast/lib/jvm/lib/libjava.so
7ff5c48c8000-7ff5c48cd000 r--p 0001b000 08:20 558736                     /home/albertotr/miniconda3/envs/beast/lib/jvm/lib/libjava.so
7ff5c48cd000-7ff5c48ce000 r--p 00020000 08:20 558736                     /home/albertotr/miniconda3/envs/beast/lib/jvm/lib/libjava.so
7ff5c48ce000-7ff5c48cf000 rw-p 00021000 08:20 558736                     /home/albertotr/miniconda3/envs/beast/lib/jvm/lib/libjava.so
7ff5c48cf000-7ff5c48d0000 rw-p 00000000 00:00 0 
7ff5c48d0000-7ff5c48d8000 rw-s 00000000 08:20 562442                     /tmp/hsperfdata_albertotr/143415
7ff5c48d8000-7ff5c48da000 r--p 00000000 08:20 559331                     /home/albertotr/miniconda3/envs/beast/lib/jvm/lib/libjimage.so
7ff5c48da000-7ff5c48dc000 r-xp 00002000 08:20 559331                     /home/albertotr/miniconda3/envs/beast/lib/jvm/lib/libjimage.so
7ff5c48dc000-7ff5c48dd000 r--p 00004000 08:20 559331                     /home/albertotr/miniconda3/envs/beast/lib/jvm/lib/libjimage.so
7ff5c48dd000-7ff5c48de000 r--p 00005000 08:20 559331                     /home/albertotr/miniconda3/envs/beast/lib/jvm/lib/libjimage.so
7ff5c48de000-7ff5c48df000 rw-p 00006000 08:20 559331                     /home/albertotr/miniconda3/envs/beast/lib/jvm/lib/libjimage.so
7ff5c48df000-7ff5c48e3000 ---p 00000000 00:00 0 
7ff5c48e3000-7ff5c49df000 rw-p 00000000 00:00 0 
7ff5c49df000-7ff5c49e3000 r--p 00000000 08:20 405860                     /home/albertotr/miniconda3/envs/beast/lib/libgcc_s.so.1
7ff5c49e3000-7ff5c49f8000 r-xp 00004000 08:20 405860                     /home/albertotr/miniconda3/envs/beast/lib/libgcc_s.so.1
7ff5c49f8000-7ff5c49fc000 r--p 00019000 08:20 405860                     /home/albertotr/miniconda3/envs/beast/lib/libgcc_s.so.1
7ff5c49fc000-7ff5c49fd000 r--p 0001c000 08:20 405860                     /home/albertotr/miniconda3/envs/beast/lib/libgcc_s.so.1
7ff5c49fd000-7ff5c49fe000 rw-p 0001d000 08:20 405860                     /home/albertotr/miniconda3/envs/beast/lib/libgcc_s.so.1
7ff5c49fe000-7ff5c4a0c000 r--p 00000000 08:20 35669                      /usr/lib/x86_64-linux-gnu/libm.so.6
7ff5c4a0c000-7ff5c4a88000 r-xp 0000e000 08:20 35669                      /usr/lib/x86_64-linux-gnu/libm.so.6
7ff5c4a88000-7ff5c4ae3000 r--p 0008a000 08:20 35669                      /usr/lib/x86_64-linux-gnu/libm.so.6
7ff5c4ae3000-7ff5c4ae4000 r--p 000e4000 08:20 35669                      /usr/lib/x86_64-linux-gnu/libm.so.6
7ff5c4ae4000-7ff5c4ae5000 rw-p 000e5000 08:20 35669                      /usr/lib/x86_64-linux-gnu/libm.so.6
7ff5c4ae5000-7ff5c4b8e000 r--p 00000000 08:20 405992                     /home/albertotr/miniconda3/envs/beast/lib/libstdc++.so.6.0.33
7ff5c4b8e000-7ff5c4c2f000 r-xp 000a9000 08:20 405992                     /home/albertotr/miniconda3/envs/beast/lib/libstdc++.so.6.0.33
7ff5c4c2f000-7ff5c4cb5000 r--p 0014a000 08:20 405992                     /home/albertotr/miniconda3/envs/beast/lib/libstdc++.so.6.0.33
7ff5c4cb5000-7ff5c4cc0000 r--p 001d0000 08:20 405992                     /home/albertotr/miniconda3/envs/beast/lib/libstdc++.so.6.0.33
7ff5c4cc0000-7ff5c4cc4000 rw-p 001db000 08:20 405992                     /home/albertotr/miniconda3/envs/beast/lib/libstdc++.so.6.0.33
7ff5c4cc4000-7ff5c4cc8000 rw-p 00000000 00:00 0 
7ff5c4cc8000-7ff5c4cc9000 r--p 00000000 08:20 35713                      /usr/lib/x86_64-linux-gnu/librt.so.1
7ff5c4cc9000-7ff5c4cca000 r-xp 00001000 08:20 35713                      /usr/lib/x86_64-linux-gnu/librt.so.1
7ff5c4cca000-7ff5c4ccb000 r--p 00002000 08:20 35713                      /usr/lib/x86_64-linux-gnu/librt.so.1
7ff5c4ccb000-7ff5c4ccc000 r--p 00002000 08:20 35713                      /usr/lib/x86_64-linux-gnu/librt.so.1
7ff5c4ccc000-7ff5c4ccd000 rw-p 00003000 08:20 35713                      /usr/lib/x86_64-linux-gnu/librt.so.1
7ff5c4ccd000-7ff5c4f56000 r--p 00000000 08:20 559089                     /home/albertotr/miniconda3/envs/beast/lib/jvm/lib/server/libjvm.so
7ff5c4f56000-7ff5c5d25000 r-xp 00289000 08:20 559089                     /home/albertotr/miniconda3/envs/beast/lib/jvm/lib/server/libjvm.so
7ff5c5d25000-7ff5c5fad000 r--p 01058000 08:20 559089                     /home/albertotr/miniconda3/envs/beast/lib/jvm/lib/server/libjvm.so
7ff5c5fad000-7ff5c6078000 r--p 012e0000 08:20 559089                     /home/albertotr/miniconda3/envs/beast/lib/jvm/lib/server/libjvm.so
7ff5c6078000-7ff5c60a7000 rw-p 013ab000 08:20 559089                     /home/albertotr/miniconda3/envs/beast/lib/jvm/lib/server/libjvm.so
7ff5c60a7000-7ff5c6123000 rw-p 00000000 00:00 0 
7ff5c6123000-7ff5c6124000 r--p 00000000 08:20 35679                      /usr/lib/x86_64-linux-gnu/libpthread.so.0
7ff5c6124000-7ff5c6125000 r-xp 00001000 08:20 35679                      /usr/lib/x86_64-linux-gnu/libpthread.so.0
7ff5c6125000-7ff5c6126000 r--p 00002000 08:20 35679                      /usr/lib/x86_64-linux-gnu/libpthread.so.0
7ff5c6126000-7ff5c6127000 r--p 00002000 08:20 35679                      /usr/lib/x86_64-linux-gnu/libpthread.so.0
7ff5c6127000-7ff5c6128000 rw-p 00003000 08:20 35679                      /usr/lib/x86_64-linux-gnu/libpthread.so.0
7ff5c6128000-7ff5c6129000 r--p 00000000 08:20 35668                      /usr/lib/x86_64-linux-gnu/libdl.so.2
7ff5c6129000-7ff5c612a000 r-xp 00001000 08:20 35668                      /usr/lib/x86_64-linux-gnu/libdl.so.2
7ff5c612a000-7ff5c612b000 r--p 00002000 08:20 35668                      /usr/lib/x86_64-linux-gnu/libdl.so.2
7ff5c612b000-7ff5c612c000 r--p 00002000 08:20 35668                      /usr/lib/x86_64-linux-gnu/libdl.so.2
7ff5c612c000-7ff5c612d000 rw-p 00003000 08:20 35668                      /usr/lib/x86_64-linux-gnu/libdl.so.2
7ff5c612d000-7ff5c6130000 r--p 00000000 08:20 260508                     /home/albertotr/miniconda3/envs/beast/lib/libz.so.1.3.1
7ff5c6130000-7ff5c613f000 r-xp 00003000 08:20 260508                     /home/albertotr/miniconda3/envs/beast/lib/libz.so.1.3.1
7ff5c613f000-7ff5c6146000 r--p 00012000 08:20 260508                     /home/albertotr/miniconda3/envs/beast/lib/libz.so.1.3.1
7ff5c6146000-7ff5c6147000 r--p 00018000 08:20 260508                     /home/albertotr/miniconda3/envs/beast/lib/libz.so.1.3.1
7ff5c6147000-7ff5c6148000 rw-p 00019000 08:20 260508                     /home/albertotr/miniconda3/envs/beast/lib/libz.so.1.3.1
7ff5c6148000-7ff5c6170000 r--p 00000000 08:20 35666                      /usr/lib/x86_64-linux-gnu/libc.so.6
7ff5c6170000-7ff5c6305000 r-xp 00028000 08:20 35666                      /usr/lib/x86_64-linux-gnu/libc.so.6
7ff5c6305000-7ff5c635d000 r--p 001bd000 08:20 35666                      /usr/lib/x86_64-linux-gnu/libc.so.6
7ff5c635d000-7ff5c635e000 ---p 00215000 08:20 35666                      /usr/lib/x86_64-linux-gnu/libc.so.6
7ff5c635e000-7ff5c6362000 r--p 00215000 08:20 35666                      /usr/lib/x86_64-linux-gnu/libc.so.6
7ff5c6362000-7ff5c6364000 rw-p 00219000 08:20 35666                      /usr/lib/x86_64-linux-gnu/libc.so.6
7ff5c6364000-7ff5c6371000 rw-p 00000000 00:00 0 
7ff5c6371000-7ff5c6372000 r--p 00000000 08:20 19629                      /usr/lib/locale/C.utf8/LC_TELEPHONE
7ff5c6372000-7ff5c6373000 r--p 00000000 08:20 19622                      /usr/lib/locale/C.utf8/LC_MEASUREMENT
7ff5c6373000-7ff5c6374000 r--p 00000000 08:20 19621                      /usr/lib/locale/C.utf8/LC_IDENTIFICATION
7ff5c6374000-7ff5c6375000 ---p 00000000 00:00 0 
7ff5c6375000-7ff5c6376000 r--p 00000000 00:00 0 
7ff5c6376000-7ff5c6379000 r--p 00000000 08:20 559358                     /home/albertotr/miniconda3/envs/beast/lib/jvm/lib/libjli.so
7ff5c6379000-7ff5c6383000 r-xp 00003000 08:20 559358                     /home/albertotr/miniconda3/envs/beast/lib/jvm/lib/libjli.so
7ff5c6383000-7ff5c6386000 r--p 0000d000 08:20 559358                     /home/albertotr/miniconda3/envs/beast/lib/jvm/lib/libjli.so
7ff5c6386000-7ff5c6387000 r--p 00010000 08:20 559358                     /home/albertotr/miniconda3/envs/beast/lib/jvm/lib/libjli.so
7ff5c6387000-7ff5c6388000 rw-p 00011000 08:20 559358                     /home/albertotr/miniconda3/envs/beast/lib/jvm/lib/libjli.so
7ff5c6388000-7ff5c638a000 rw-p 00000000 00:00 0 
7ff5c638a000-7ff5c638c000 r--p 00000000 08:20 35663                      /usr/lib/x86_64-linux-gnu/ld-linux-x86-64.so.2
7ff5c638c000-7ff5c63b6000 r-xp 00002000 08:20 35663                      /usr/lib/x86_64-linux-gnu/ld-linux-x86-64.so.2
7ff5c63b6000-7ff5c63c1000 r--p 0002c000 08:20 35663                      /usr/lib/x86_64-linux-gnu/ld-linux-x86-64.so.2
7ff5c63c1000-7ff5c63c2000 ---p 00000000 00:00 0 
7ff5c63c2000-7ff5c63c4000 r--p 00037000 08:20 35663                      /usr/lib/x86_64-linux-gnu/ld-linux-x86-64.so.2
7ff5c63c4000-7ff5c63c6000 rw-p 00039000 08:20 35663                      /usr/lib/x86_64-linux-gnu/ld-linux-x86-64.so.2
7ffe8a0d8000-7ffe8a0f9000 rw-p 00000000 00:00 0                          [stack]
7ffe8a13f000-7ffe8a143000 r--p 00000000 00:00 0                          [vvar]
7ffe8a143000-7ffe8a145000 r-xp 00000000 00:00 0                          [vdso]
Total number of mappings: 243


VM Arguments:
jvm_args: -Xms64m -Xmx2048m -Djava.library.path=/home/albertotr/miniconda3/envs/beast/lib:/usr/local/lib: 
java_command: dr.app.beast.BeastMain -h
java_class_path (initial): /home/albertotr/miniconda3/envs/beast/lib/beast.jar:/home/albertotr/miniconda3/envs/beast/lib/beast-beagle.jar
Launcher Type: SUN_STANDARD

[Global flags]
     intx CICompilerCount                          = 4                                         {product} {ergonomic}
     uint ConcGCThreads                            = 3                                         {product} {ergonomic}
     uint G1ConcRefinementThreads                  = 10                                        {product} {ergonomic}
   size_t G1HeapRegionSize                         = 1048576                                   {product} {ergonomic}
   size_t InitialHeapSize                          = 67108864                                  {product} {command line}
   size_t MarkStackSize                            = 4194304                                   {product} {ergonomic}
   size_t MaxHeapSize                              = 2147483648                                {product} {command line}
   size_t MaxNewSize                               = 1287651328                                {product} {ergonomic}
   size_t MinHeapDeltaBytes                        = 1048576                                   {product} {ergonomic}
   size_t MinHeapSize                              = 67108864                                  {product} {command line}
    uintx NonNMethodCodeHeapSize                   = 5839372                                {pd product} {ergonomic}
    uintx NonProfiledCodeHeapSize                  = 122909434                              {pd product} {ergonomic}
    uintx ProfiledCodeHeapSize                     = 122909434                              {pd product} {ergonomic}
    uintx ReservedCodeCacheSize                    = 251658240                              {pd product} {ergonomic}
     bool SegmentedCodeCache                       = true                                      {product} {ergonomic}
   size_t SoftMaxHeapSize                          = 2147483648                             {manageable} {ergonomic}
     bool UseCompressedOops                        = true                           {product lp64_product} {ergonomic}
     bool UseG1GC                                  = true                                      {product} {ergonomic}

Logging:
Log output configuration:
 #0: stdout all=warning uptime,level,tags foldmultilines=false
 #1: stderr all=off uptime,level,tags foldmultilines=false

Environment Variables:
JAVA_HOME=/home/albertotr/miniconda3/envs/beast/lib/jvm
PATH=/home/albertotr/miniconda3/envs/beast/bin:/home/albertotr/miniconda3/condabin:/home/linuxbrew/.linuxbrew/bin:/home/linuxbrew/.linuxbrew/sbin:/usr/local/sbin:/usr/local/bin:/usr/sbin:/usr/bin:/sbin:/bin:/usr/games:/usr/local/games:/usr/lib/wsl/lib:/mnt/c/WINDOWS/system32:/mnt/c/WINDOWS:/mnt/c/WINDOWS/System32/Wbem:/mnt/c/WINDOWS/System32/WindowsPowerShell/v1.0:/mnt/c/WINDOWS/System32/OpenSSH:/mnt/c/Program Files/WindowsPowerShell/Scripts/HP.ClientScriptLibrary:/mnt/c/Program Files/MATLAB/2023a/runtime/win64:/mnt/c/Program Files/MATLAB/2023a/bin:/mnt/c/Program Files/PuTTY:/mnt/c/Users/at991/AppData/Local/Microsoft/WindowsApps:/mnt/c/Users/at991/AppData/Local/JetBrains/PyCharm 2024.1.2/bin:/mnt/c/Users/at991/AppData/Local/Programs/Git/cmd:/snap/bin
SHELL=/bin/bash
DISPLAY=:0
HOSTTYPE=x86_64
LANG=C.UTF-8
TERM=xterm-256color

Active Locale:
LC_ALL=C.UTF-8
LC_COLLATE=C.UTF-8
LC_CTYPE=C.UTF-8
LC_MESSAGES=C.UTF-8
LC_MONETARY=C.UTF-8
LC_NUMERIC=C.UTF-8
LC_TIME=C.UTF-8

Signal Handlers:
   SIGSEGV: crash_handler in libjvm.so, mask=11100100010111111101111111111110, flags=SA_RESTART|SA_SIGINFO, unblocked
    SIGBUS: crash_handler in libjvm.so, mask=11100100010111111101111111111110, flags=SA_RESTART|SA_SIGINFO, unblocked
    SIGFPE: crash_handler in libjvm.so, mask=11100100010111111101111111111110, flags=SA_RESTART|SA_SIGINFO, unblocked
   SIGPIPE: javaSignalHandler in libjvm.so, mask=11100100010111111101111111111110, flags=SA_RESTART|SA_SIGINFO, blocked
   SIGXFSZ: javaSignalHandler in libjvm.so, mask=11100100010111111101111111111110, flags=SA_RESTART|SA_SIGINFO, blocked
    SIGILL: crash_handler in libjvm.so, mask=11100100010111111101111111111110, flags=SA_RESTART|SA_SIGINFO, unblocked
   SIGUSR2: SR_handler in libjvm.so, mask=00000000000000000000000000000000, flags=SA_RESTART|SA_SIGINFO, blocked
    SIGHUP: UserHandler in libjvm.so, mask=11100100010111111101111111111110, flags=SA_RESTART|SA_SIGINFO, blocked
    SIGINT: UserHandler in libjvm.so, mask=11100100010111111101111111111110, flags=SA_RESTART|SA_SIGINFO, blocked
   SIGTERM: UserHandler in libjvm.so, mask=11100100010111111101111111111110, flags=SA_RESTART|SA_SIGINFO, blocked
   SIGQUIT: UserHandler in libjvm.so, mask=11100100010111111101111111111110, flags=SA_RESTART|SA_SIGINFO, blocked
   SIGTRAP: crash_handler in libjvm.so, mask=11100100010111111101111111111110, flags=SA_RESTART|SA_SIGINFO, unblocked


Periodic native trim disabled

---------------  S Y S T E M  ---------------

OS:
DISTRIB_ID=Ubuntu
DISTRIB_RELEASE=22.04
DISTRIB_CODENAME=jammy
DISTRIB_DESCRIPTION="Ubuntu 22.04.4 LTS"
uname: Linux 5.15.153.1-microsoft-standard-WSL2 #1 SMP Fri Mar 29 23:14:13 UTC 2024 x86_64
OS uptime: 0 days 5:23 hours
libc: glibc 2.35 NPTL 2.35 
rlimit (soft/hard): STACK 8192k/infinity , CORE infinity/infinity , NPROC 63234/63234 , NOFILE 1048576/1048576 , AS infinity/infinity , CPU infinity/infinity , DATA infinity/infinity , FSIZE infinity/infinity , MEMLOCK 65536k/65536k
load average: 0.12 0.10 0.03

/proc/meminfo:
MemTotal:       16194748 kB
MemFree:        13453320 kB
MemAvailable:   15074060 kB
Buffers:           74648 kB
Cached:          1794384 kB
SwapCached:            0 kB
Active:           405384 kB
Inactive:        1891468 kB
Active(anon):       2128 kB
Inactive(anon):   485016 kB
Active(file):     403256 kB
Inactive(file):  1406452 kB
Unevictable:           0 kB
Mlocked:               0 kB
SwapTotal:       4194304 kB
SwapFree:        4194304 kB
Dirty:                72 kB
Writeback:             0 kB
AnonPages:        419504 kB
Mapped:           194808 kB
Shmem:             59364 kB
KReclaimable:     117472 kB
Slab:             179092 kB
SReclaimable:     117472 kB
SUnreclaim:        61620 kB
KernelStack:        5776 kB
PageTables:         6432 kB
NFS_Unstable:          0 kB
Bounce:                0 kB
WritebackTmp:          0 kB
CommitLimit:    12291676 kB
Committed_AS:    4469276 kB
VmallocTotal:   34359738367 kB
VmallocUsed:       27588 kB
VmallocChunk:          0 kB
Percpu:             7424 kB
AnonHugePages:    184320 kB
ShmemHugePages:        0 kB
ShmemPmdMapped:        0 kB
FileHugePages:         0 kB
FilePmdMapped:         0 kB
HugePages_Total:       0
HugePages_Free:        0
HugePages_Rsvd:        0
HugePages_Surp:        0
Hugepagesize:       2048 kB
Hugetlb:               0 kB
DirectMap4k:      111616 kB
DirectMap2M:    11233280 kB
DirectMap1G:    13631488 kB

/sys/kernel/mm/transparent_hugepage/enabled: [always] madvise never
/sys/kernel/mm/transparent_hugepage/hpage_pmd_size: 2097152
/sys/kernel/mm/transparent_hugepage/shmem_enabled: always within_size advise [never] deny force
/sys/kernel/mm/transparent_hugepage/defrag (defrag/compaction efforts parameter): always defer defer+madvise [madvise] never

Process Memory:
Virtual Size: 4938108K (peak: 4938108K)
Resident Set Size: 49448K (peak: 49448K) (anon: 26096K, file: 23352K, shmem: 0K)
Swapped out: 0K
C-Heap outstanding allocations: 29200K, retained: 2411K
glibc malloc tunables: (default)

/proc/sys/kernel/threads-max (system-wide limit on the number of threads): 126469
/proc/sys/vm/max_map_count (maximum number of memory map areas a process may have): 65530
/proc/sys/kernel/pid_max (system-wide limit on number of process identifiers): 4194304

container (cgroup) information:
container_type: cgroupv1
cpu_cpuset_cpus: 0-11
cpu_memory_nodes: 0
active_processor_count: 12
cpu_quota: no quota
cpu_period: 100000
cpu_shares: no shares
memory_limit_in_bytes: unlimited
memory_and_swap_limit_in_bytes: unlimited
memory_soft_limit_in_bytes: unlimited
memory_usage_in_bytes: 2288540 k
memory_max_usage_in_bytes: 760380 k
kernel_memory_usage_in_bytes: 21716 k
kernel_memory_max_usage_in_bytes: unlimited
kernel_memory_limit_in_bytes: 30332 k
maximum number of tasks: not supported
current number of tasks: not supported

Hyper-V virtualization detected
Steal ticks since vm start: 0
Steal ticks percentage since vm start:  0.000

CPU: total 12 (initial active 12) (8 cores per cpu, 2 threads per core) family 6 model 186 stepping 3 microcode 0xffffffff, cx8, cmov, fxsr, ht, mmx, 3dnowpref, sse, sse2, sse3, ssse3, sse4.1, sse4.2, popcnt, lzcnt, tsc, tscinvbit, avx, avx2, aes, erms, clmul, bmi1, bmi2, adx, sha, fma, vzeroupper, clflush, clflushopt, clwb, hv, serialize, rdtscp, rdpid, fsrm, f16c, cet_ibt, cet_ss
CPU Model and flags from /proc/cpuinfo:
model name	: 13th Gen Intel(R) Core(TM) i7-1355U
flags		: fpu vme de pse tsc msr pae mce cx8 apic sep mtrr pge mca cmov pat pse36 clflush mmx fxsr sse sse2 ss ht syscall nx pdpe1gb rdtscp lm constant_tsc rep_good nopl xtopology tsc_reliable nonstop_tsc cpuid pni pclmulqdq vmx ssse3 fma cx16 sse4_1 sse4_2 x2apic movbe popcnt tsc_deadline_timer aes xsave avx f16c rdrand hypervisor lahf_lm abm 3dnowprefetch ssbd ibrs ibpb stibp ibrs_enhanced tpr_shadow vnmi ept vpid ept_ad fsgsbase tsc_adjust bmi1 avx2 smep bmi2 erms invpcid rdseed adx smap clflushopt clwb sha_ni xsaveopt xsavec xgetbv1 xsaves avx_vnni umip waitpkg gfni vaes vpclmulqdq rdpid movdiri movdir64b fsrm md_clear serialize flush_l1d arch_capabilities

Online cpus: 0-11
Offline cpus: 
BIOS frequency limitation: <Not Available>
Frequency switch latency (ns): <Not Available>
Available cpu frequencies: <Not Available>
Current governor: <Not Available>
Core performance/turbo boost: <Not Available>

Memory: 4k page, physical 16194748k(15074060k free), swap 4194304k(4194304k free)
Page Sizes: 4k

vm_info: OpenJDK 64-Bit Server VM (22.0.1-internal-adhoc.conda.src) for linux-amd64 JRE (22.0.1-internal-adhoc.conda.src), built on 2024-07-23T07:04:46Z by "conda" with gcc 12.4.0

END.
