#
# A fatal error has been detected by the Java Runtime Environment:
#
#  SIGILL (0x4) at pc=0x00007f68cf80dc4b, pid=142508, tid=142509
#
# JRE version: OpenJDK Runtime Environment (22.0.1) (build 22.0.1-internal-adhoc.conda.src)
# Java VM: OpenJDK 64-Bit Server VM (22.0.1-internal-adhoc.conda.src, mixed mode, sharing, tiered, compressed oops, compressed class ptrs, g1 gc, linux-amd64)
# Problematic frame:
# C  [libhmsbeagle.so.1+0x5c4b]  beagleLoadPlugins()+0x1db
#
# No core dump will be written. Core dumps have been disabled. To enable core dumping, try "ulimit -c unlimited" before starting Java again
#
# If you would like to submit a bug report, please visit:
#   https://bugreport.java.com/bugreport/crash.jsp
# The crash happened outside the Java Virtual Machine in native code.
# See problematic frame for where to report the bug.
#

---------------  S U M M A R Y ------------

Command Line: -Xms64m -Xmx2048m -Djava.library.path=/home/albertotr/miniconda3/envs/beast/lib:/usr/local/lib: dr.app.beast.BeastMain -beagle_info

Host: 13th Gen Intel(R) Core(TM) i7-1355U, 12 cores, 15G, Ubuntu 22.04.4 LTS
Time: Wed Aug 21 15:07:45 2024 BST elapsed time: 0.048767 seconds (0d 0h 0m 0s)

---------------  T H R E A D  ---------------

Current thread (0x00007f6900016f60):  JavaThread "main"             [_thread_in_native, id=142509, stack(0x00007f6905e42000,0x00007f6905f42000) (1024K)]

Stack: [0x00007f6905e42000,0x00007f6905f42000],  sp=0x00007f6905f40480,  free space=1017k
Native frames: (J=compiled Java code, j=interpreted, Vv=VM code, C=native code)
C  [libhmsbeagle.so.1+0x5c4b]  beagleLoadPlugins()+0x1db
Java frames: (J=compiled Java code, j=interpreted, Vv=VM code)
j  beagle.BeagleJNIWrapper.getResourceList()[Lbeagle/ResourceDetails;+0
j  beagle.BeagleFactory.getBeagleJNIWrapper()Lbeagle/BeagleJNIWrapper;+50
j  beagle.BeagleFactory.getVersion()Ljava/lang/String;+0
j  beagle.BeagleInfo.getVersionNumbers()[I+0
j  dr.app.beast.BeastMain.main([Ljava/lang/String;)V+859
v  ~StubRoutines::call_stub 0x00007f68f0083cc6

siginfo: si_signo: 4 (SIGILL), si_code: 2 (ILL_ILLOPN), si_addr: 0x00007f68cf80dc4b

Registers:
RAX=0x00007f6900165560, RBX=0x00007f6900017320, RCX=0x0000000000000001, RDX=0x00007f69000008e0
RSP=0x00007f6905f40480, RBP=0x00007f68cf81d060, RSI=0x00007f69001654f0, RDI=0x0000000000000010
R8 =0x00007f6884419960, R9 =0x0000000000000000, R10=0x00007f68f008fb0d, R11=0x0000000000000101
R12=0x0000000000000000, R13=0x00007f6884419960, R14=0x00007f6905f40670, R15=0x00007f6900016f60
RIP=0x00007f68cf80dc4b, EFLAGS=0x0000000000010206, CSGSFS=0x002b000000000033, ERR=0x0000000000000000
  TRAPNO=0x0000000000000006


Register to memory mapping:

RAX=0x00007f6900165560 points into unknown readable memory: 0x00007f6ef6865595 | 95 55 86 f6 6e 7f 00 00
RBX=0x00007f6900017320 points into unknown readable memory: 0x00007f69075e2040 | 40 20 5e 07 69 7f 00 00
RCX=0x0000000000000001 is an unknown value
RDX=0x00007f69000008e0 points into unknown readable memory: 0x0000000100010000 | 00 00 01 00 01 00 00 00
RSP=0x00007f6905f40480 is pointing into the stack for thread: 0x00007f6900016f60
RBP=0x00007f68cf81d060: _Z7pluginsB5cxx11+0x0000000000000000 in /home/albertotr/miniconda3/envs/beast/lib/./libhmsbeagle.so.1 at 0x00007f68cf808000
RSI=0x00007f69001654f0 points into unknown readable memory: 0x00007f69075cf3f8 | f8 f3 5c 07 69 7f 00 00
RDI=0x0000000000000010 is an unknown value
R8 ={method} {0x00007f6884419960} 'getResourceList' '()[Lbeagle/ResourceDetails;' in 'beagle/BeagleJNIWrapper'
R9 =0x0 is null
R10=0x00007f68f008fb0d is at code_begin+1005 in an Interpreter codelet
native method entry point (kind = native)  [0x00007f68f008f720, 0x00007f68f0090190]  2672 bytes
R11=0x0000000000000101 is an unknown value
R12=0x0 is null
R13={method} {0x00007f6884419960} 'getResourceList' '()[Lbeagle/ResourceDetails;' in 'beagle/BeagleJNIWrapper'
R14=0x00007f6905f40670 is pointing into the stack for thread: 0x00007f6900016f60
R15=0x00007f6900016f60 is a thread

Top of Stack: (sp=0x00007f6905f40480)
0x00007f6905f40480:   0000000000000000 0000000000160000
0x00007f6905f40490:   00007f688f004602 00007f6905f40390
0x00007f6905f404a0:   0000000000000000 d1655ae2aadc8900
0x00007f6905f404b0:   00007f68f00a6780 00007f6900017320
0x00007f6905f404c0:   00007f6905f40580 0000000000000000
0x00007f6905f404d0:   00007f6884419960 00007f68cf8100ae
0x00007f6905f404e0:   0000000000000000 0000000000000000
0x00007f6905f404f0:   00007f688441b400 0000000000000000
0x00007f6905f40500:   00007f6900016f60 0000000000000000
0x00007f6905f40510:   0000000000000000 00007f68cf821200
0x00007f6905f40520:   0000000000000000 0000000000000000
0x00007f6905f40530:   0000000000000000 0000000000000000
0x00007f6905f40540:   0000000000000000 d1655ae2aadc8900
0x00007f6905f40550:   00007f6900016f60 00007f6900017320
0x00007f6905f40560:   0000000000000000 00007f6884419960
0x00007f6905f40570:   00007f6905f40670 00007f6900016f60
0x00007f6905f40580:   00007f6905f40650 00007f68cf8212b7
0x00007f6905f40590:   00007f6905f405e0 00007f6906ad0277
0x00007f6905f405a0:   00007f6884419960 00007f6900016f60
0x00007f6905f405b0:   00007f6905f40670 d1655ae2aadc8900
0x00007f6905f405c0:   00007f6905f405f0 00007f6884419960
0x00007f6905f405d0:   00007f6905f40650 0000000000000000
0x00007f6905f405e0:   00007f6884419960 00007f6905f40670
0x00007f6905f405f0:   00007f6900016f60 00007f68f008fb3c
0x00007f6905f40600:   00007f68f008f7db fffffffffffffff7
0x00007f6905f40610:   00007f6884419960 0000000000000004
0x00007f6905f40620:   00007f688441b3d0 0000000000000000
0x00007f6905f40630:   0000000083e05b20 00007f6884419960
0x00007f6905f40640:   0000000000000000 00007f6905f40670
0x00007f6905f40650:   00007f6905f406c0 00007f68f008b37a
0x00007f6905f40660:   0000000000000000 00007f68f008d11a
0x00007f6905f40670:   0000000083e06588 fffffffffffffff7 

Instructions: (pc=0x00007f68cf80dc4b)
0x00007f68cf80db4b:   8d 35 de b4 00 00 48 89 df ff 15 46 f3 00 00 4c
0x00007f68cf80db5b:   8b 65 00 49 89 c5 bf 18 00 00 00 ff 15 5c f2 00
0x00007f68cf80db6b:   00 4c 89 68 10 48 89 c7 4c 89 e6 ff 15 b4 f0 00
0x00007f68cf80db7b:   00 49 ff 44 24 10 48 8d 35 b8 b4 00 00 48 89 df
0x00007f68cf80db8b:   ff 15 0f f3 00 00 4c 8b 65 00 49 89 c5 bf 18 00
0x00007f68cf80db9b:   00 00 ff 15 25 f2 00 00 4c 89 68 10 48 89 c7 4c
0x00007f68cf80dbab:   89 e6 ff 15 7d f0 00 00 49 ff 44 24 10 48 8d 35
0x00007f68cf80dbbb:   99 b4 00 00 48 89 df ff 15 d8 f2 00 00 4c 8b 65
0x00007f68cf80dbcb:   00 49 89 c5 bf 18 00 00 00 ff 15 ee f1 00 00 4c
0x00007f68cf80dbdb:   89 68 10 48 89 c7 4c 89 e6 ff 15 46 f0 00 00 49
0x00007f68cf80dbeb:   ff 44 24 10 48 8d 35 74 b4 00 00 48 89 df ff 15
0x00007f68cf80dbfb:   a1 f2 00 00 48 8b 5d 00 49 89 c4 bf 18 00 00 00
0x00007f68cf80dc0b:   ff 15 b7 f1 00 00 4c 89 60 10 48 89 c7 48 89 de
0x00007f68cf80dc1b:   ff 15 0f f0 00 00 48 ff 43 10 48 8b 44 24 28 64
0x00007f68cf80dc2b:   48 2b 04 25 28 00 00 00 75 31 48 83 c4 38 5b 5d
0x00007f68cf80dc3b:   41 5c 41 5d c3 bf 18 00 00 00 ff 15 7d f1 00 00
0x00007f68cf80dc4b:   62 f2 fd 08 7c c0 48 c7 40 10 00 00 00 00 48 89
0x00007f68cf80dc5b:   45 00 c5 fa 7f 00 e9 36 fe ff ff ff 15 9c f1 00
0x00007f68cf80dc6b:   00 49 89 c4 48 89 d0 e9 b9 f3 ff ff 49 89 c4 48
0x00007f68cf80dc7b:   89 d0 e9 ef f3 ff ff 49 89 c4 48 89 d0 e9 25 f4
0x00007f68cf80dc8b:   ff ff 49 89 c4 48 89 d0 e9 95 f4 ff ff 49 89 c4
0x00007f68cf80dc9b:   48 89 d0 e9 c7 f4 ff ff 49 89 c4 48 89 d0 e9 91
0x00007f68cf80dcab:   f5 ff ff 48 89 c3 48 89 d0 e9 30 f5 ff ff 0f 1f
0x00007f68cf80dcbb:   80 00 00 00 00 c3 66 2e 0f 1f 84 00 00 00 00 00
0x00007f68cf80dccb:   0f 1f 44 00 00 48 8b 05 81 ef 00 00 41 54 55 48
0x00007f68cf80dcdb:   8b 2d e7 f1 00 00 53 4c 8b 20 4d 85 e4 74 0b 8b
0x00007f68cf80dceb:   7d 00 85 ff 0f 85 fb 00 00 00 48 8b 05 54 ef 00
0x00007f68cf80dcfb:   00 4c 8b 20 4d 85 e4 74 0b 8b 75 00 85 f6 0f 85
0x00007f68cf80dd0b:   a9 00 00 00 48 8b 1d ca ef 00 00 48 8b 03 48 85
0x00007f68cf80dd1b:   c0 74 34 8b 4d 00 85 c9 75 1b 48 8b 05 34 f2 00
0x00007f68cf80dd2b:   00 48 83 38 00 74 48 c7 45 00 00 00 00 00 5b 5d
0x00007f68cf80dd3b:   41 5c c3 66 90 48 8b 38 ff 15 d7 f0 00 00 48 8b 


Stack slot to memory mapping:

stack at sp + 0 slots: 0x0 is null
stack at sp + 1 slots: 0x0000000000160000 is an unknown value
stack at sp + 2 slots: 0x00007f688f004602 is pointing into metadata
stack at sp + 3 slots: 0x00007f6905f40390 is pointing into the stack for thread: 0x00007f6900016f60
stack at sp + 4 slots: 0x0 is null
stack at sp + 5 slots: 0xd1655ae2aadc8900 is an unknown value
stack at sp + 6 slots: 0x00007f68f00a6780 is at code_begin+0 in 
[CodeBlob (0x00007f68f00a6710)]
Framesize: 0
BufferBlob (0x00007f68f00a6710) used for Signature Handler Temp Buffer
stack at sp + 7 slots: 0x00007f6900017320 points into unknown readable memory: 0x00007f69075e2040 | 40 20 5e 07 69 7f 00 00


---------------  P R O C E S S  ---------------

Threads class SMR info:
_java_thread_list=0x00007f690012c370, length=10, elements={
0x00007f6900016f60, 0x00007f690010f7c0, 0x00007f6900110e20, 0x00007f6900112a40,
0x00007f6900114090, 0x00007f6900115640, 0x00007f6900117170, 0x00007f6900118890,
0x00007f69001269d0, 0x00007f690012b220
}

Java Threads: ( => current thread )
=>0x00007f6900016f60 JavaThread "main"                              [_thread_in_native, id=142509, stack(0x00007f6905e42000,0x00007f6905f42000) (1024K)]
  0x00007f690010f7c0 JavaThread "Reference Handler"          daemon [_thread_blocked, id=142517, stack(0x00007f68e4111000,0x00007f68e4211000) (1024K)]
  0x00007f6900110e20 JavaThread "Finalizer"                  daemon [_thread_blocked, id=142518, stack(0x00007f68e4010000,0x00007f68e4110000) (1024K)]
  0x00007f6900112a40 JavaThread "Signal Dispatcher"          daemon [_thread_blocked, id=142519, stack(0x00007f68cff00000,0x00007f68d0000000) (1024K)]
  0x00007f6900114090 JavaThread "Service Thread"             daemon [_thread_blocked, id=142520, stack(0x00007f68cfdff000,0x00007f68cfeff000) (1024K)]
  0x00007f6900115640 JavaThread "Monitor Deflation Thread"   daemon [_thread_blocked, id=142521, stack(0x00007f68cfcfe000,0x00007f68cfdfe000) (1024K)]
  0x00007f6900117170 JavaThread "C2 CompilerThread0"         daemon [_thread_blocked, id=142522, stack(0x00007f68cfbfd000,0x00007f68cfcfd000) (1024K)]
  0x00007f6900118890 JavaThread "C1 CompilerThread0"         daemon [_thread_blocked, id=142523, stack(0x00007f68cfafc000,0x00007f68cfbfc000) (1024K)]
  0x00007f69001269d0 JavaThread "Notification Thread"        daemon [_thread_blocked, id=142524, stack(0x00007f68cf92a000,0x00007f68cfa2a000) (1024K)]
  0x00007f690012b220 JavaThread "Common-Cleaner"             daemon [_thread_blocked, id=142525, stack(0x00007f68cf829000,0x00007f68cf929000) (1024K)]
Total: 10

Other Threads:
  0x00007f69000ffdc0 VMThread "VM Thread"                           [id=142516, stack(0x00007f68e4269000,0x00007f68e4369000) (1024K)]
  0x00007f69000e5670 WatcherThread "VM Periodic Task Thread"        [id=142515, stack(0x00007f68e436a000,0x00007f68e446a000) (1024K)]
  0x00007f69000519c0 WorkerThread "GC Thread#0"                     [id=142510, stack(0x00007f690487e000,0x00007f690497e000) (1024K)]
  0x00007f6900063000 ConcurrentGCThread "G1 Main Marker"            [id=142511, stack(0x00007f690477d000,0x00007f690487d000) (1024K)]
  0x00007f6900063fb0 WorkerThread "G1 Conc#0"                       [id=142512, stack(0x00007f690467c000,0x00007f690477c000) (1024K)]
  0x00007f69000c9980 ConcurrentGCThread "G1 Refine#0"               [id=142513, stack(0x00007f68e4648000,0x00007f68e4748000) (1024K)]
  0x00007f69000ca950 ConcurrentGCThread "G1 Service"                [id=142514, stack(0x00007f68e4547000,0x00007f68e4647000) (1024K)]
Total: 7

Threads with active compile tasks:
Total: 0

VM state: not at safepoint (normal execution)

VM Mutex/Monitor currently owned by a thread: None

Heap address: 0x0000000080000000, size: 2048 MB, Compressed Oops mode: 32-bit

CDS archive(s) mapped at: [0x00007f688e000000-0x00007f688ec77000-0x00007f688ec77000), size 13070336, SharedBaseAddress: 0x00007f688e000000, ArchiveRelocationMode: 1.
Compressed class space mapped at: 0x00007f688f000000-0x00007f68cf000000, reserved size: 1073741824
Narrow klass base: 0x00007f688e000000, Narrow klass shift: 0, Narrow klass range: 0x100000000

GC Precious Log:
 CardTable entry size: 512
 Card Set container configuration: InlinePtr #cards 5 size 8 Array Of Cards #cards 12 size 40 Howl #buckets 4 coarsen threshold 1843 Howl Bitmap #cards 512 size 80 coarsen threshold 460 Card regions per heap region 1 cards per card region 2048
 CPUs: 12 total, 12 available
 Memory: 15815M
 Large Page Support: Disabled
 NUMA Support: Disabled
 Compressed Oops: Enabled (32-bit)
 Heap Region Size: 1M
 Heap Min Capacity: 64M
 Heap Initial Capacity: 64M
 Heap Max Capacity: 2G
 Pre-touch: Disabled
 Parallel Workers: 10
 Concurrent Workers: 3
 Concurrent Refinement Workers: 10
 Periodic GC: Disabled

Heap:
 garbage-first heap   total reserved 2097152K, committed 67584K, used 3106K [0x0000000080000000, 0x0000000100000000)
  region size 1024K, 2 young (2048K), 0 survivors (0K)
 Metaspace       used 306K, committed 448K, reserved 1114112K
  class space    used 31K, committed 128K, reserved 1048576K

Heap Regions: E=young(eden), S=young(survivor), O=old, HS=humongous(starts), HC=humongous(continues), CS=collection set, F=free, TAMS=top-at-mark-start, PB=parsable bottom
|   0|0x0000000080000000, 0x0000000080100000, 0x0000000080100000|100%|HS|  |TAMS 0x0000000080000000| PB 0x0000000080000000| Complete |  0
|   1|0x0000000080100000, 0x0000000080100000, 0x0000000080200000|  0%| F|  |TAMS 0x0000000080100000| PB 0x0000000080100000| Untracked |  0
|   2|0x0000000080200000, 0x0000000080200000, 0x0000000080300000|  0%| F|  |TAMS 0x0000000080200000| PB 0x0000000080200000| Untracked |  0
|   3|0x0000000080300000, 0x0000000080300000, 0x0000000080400000|  0%| F|  |TAMS 0x0000000080300000| PB 0x0000000080300000| Untracked |  0
|   4|0x0000000080400000, 0x0000000080400000, 0x0000000080500000|  0%| F|  |TAMS 0x0000000080400000| PB 0x0000000080400000| Untracked |  0
|   5|0x0000000080500000, 0x0000000080500000, 0x0000000080600000|  0%| F|  |TAMS 0x0000000080500000| PB 0x0000000080500000| Untracked |  0
|   6|0x0000000080600000, 0x0000000080600000, 0x0000000080700000|  0%| F|  |TAMS 0x0000000080600000| PB 0x0000000080600000| Untracked |  0
|   7|0x0000000080700000, 0x0000000080700000, 0x0000000080800000|  0%| F|  |TAMS 0x0000000080700000| PB 0x0000000080700000| Untracked |  0
|   8|0x0000000080800000, 0x0000000080800000, 0x0000000080900000|  0%| F|  |TAMS 0x0000000080800000| PB 0x0000000080800000| Untracked |  0
|   9|0x0000000080900000, 0x0000000080900000, 0x0000000080a00000|  0%| F|  |TAMS 0x0000000080900000| PB 0x0000000080900000| Untracked |  0
|  10|0x0000000080a00000, 0x0000000080a00000, 0x0000000080b00000|  0%| F|  |TAMS 0x0000000080a00000| PB 0x0000000080a00000| Untracked |  0
|  11|0x0000000080b00000, 0x0000000080b00000, 0x0000000080c00000|  0%| F|  |TAMS 0x0000000080b00000| PB 0x0000000080b00000| Untracked |  0
|  12|0x0000000080c00000, 0x0000000080c00000, 0x0000000080d00000|  0%| F|  |TAMS 0x0000000080c00000| PB 0x0000000080c00000| Untracked |  0
|  13|0x0000000080d00000, 0x0000000080d00000, 0x0000000080e00000|  0%| F|  |TAMS 0x0000000080d00000| PB 0x0000000080d00000| Untracked |  0
|  14|0x0000000080e00000, 0x0000000080e00000, 0x0000000080f00000|  0%| F|  |TAMS 0x0000000080e00000| PB 0x0000000080e00000| Untracked |  0
|  15|0x0000000080f00000, 0x0000000080f00000, 0x0000000081000000|  0%| F|  |TAMS 0x0000000080f00000| PB 0x0000000080f00000| Untracked |  0
|  16|0x0000000081000000, 0x0000000081000000, 0x0000000081100000|  0%| F|  |TAMS 0x0000000081000000| PB 0x0000000081000000| Untracked |  0
|  17|0x0000000081100000, 0x0000000081100000, 0x0000000081200000|  0%| F|  |TAMS 0x0000000081100000| PB 0x0000000081100000| Untracked |  0
|  18|0x0000000081200000, 0x0000000081200000, 0x0000000081300000|  0%| F|  |TAMS 0x0000000081200000| PB 0x0000000081200000| Untracked |  0
|  19|0x0000000081300000, 0x0000000081300000, 0x0000000081400000|  0%| F|  |TAMS 0x0000000081300000| PB 0x0000000081300000| Untracked |  0
|  20|0x0000000081400000, 0x0000000081400000, 0x0000000081500000|  0%| F|  |TAMS 0x0000000081400000| PB 0x0000000081400000| Untracked |  0
|  21|0x0000000081500000, 0x0000000081500000, 0x0000000081600000|  0%| F|  |TAMS 0x0000000081500000| PB 0x0000000081500000| Untracked |  0
|  22|0x0000000081600000, 0x0000000081600000, 0x0000000081700000|  0%| F|  |TAMS 0x0000000081600000| PB 0x0000000081600000| Untracked |  0
|  23|0x0000000081700000, 0x0000000081700000, 0x0000000081800000|  0%| F|  |TAMS 0x0000000081700000| PB 0x0000000081700000| Untracked |  0
|  24|0x0000000081800000, 0x0000000081800000, 0x0000000081900000|  0%| F|  |TAMS 0x0000000081800000| PB 0x0000000081800000| Untracked |  0
|  25|0x0000000081900000, 0x0000000081900000, 0x0000000081a00000|  0%| F|  |TAMS 0x0000000081900000| PB 0x0000000081900000| Untracked |  0
|  26|0x0000000081a00000, 0x0000000081a00000, 0x0000000081b00000|  0%| F|  |TAMS 0x0000000081a00000| PB 0x0000000081a00000| Untracked |  0
|  27|0x0000000081b00000, 0x0000000081b00000, 0x0000000081c00000|  0%| F|  |TAMS 0x0000000081b00000| PB 0x0000000081b00000| Untracked |  0
|  28|0x0000000081c00000, 0x0000000081c00000, 0x0000000081d00000|  0%| F|  |TAMS 0x0000000081c00000| PB 0x0000000081c00000| Untracked |  0
|  29|0x0000000081d00000, 0x0000000081d00000, 0x0000000081e00000|  0%| F|  |TAMS 0x0000000081d00000| PB 0x0000000081d00000| Untracked |  0
|  30|0x0000000081e00000, 0x0000000081e00000, 0x0000000081f00000|  0%| F|  |TAMS 0x0000000081e00000| PB 0x0000000081e00000| Untracked |  0
|  31|0x0000000081f00000, 0x0000000081f00000, 0x0000000082000000|  0%| F|  |TAMS 0x0000000081f00000| PB 0x0000000081f00000| Untracked |  0
|  32|0x0000000082000000, 0x0000000082000000, 0x0000000082100000|  0%| F|  |TAMS 0x0000000082000000| PB 0x0000000082000000| Untracked |  0
|  33|0x0000000082100000, 0x0000000082100000, 0x0000000082200000|  0%| F|  |TAMS 0x0000000082100000| PB 0x0000000082100000| Untracked |  0
|  34|0x0000000082200000, 0x0000000082200000, 0x0000000082300000|  0%| F|  |TAMS 0x0000000082200000| PB 0x0000000082200000| Untracked |  0
|  35|0x0000000082300000, 0x0000000082300000, 0x0000000082400000|  0%| F|  |TAMS 0x0000000082300000| PB 0x0000000082300000| Untracked |  0
|  36|0x0000000082400000, 0x0000000082400000, 0x0000000082500000|  0%| F|  |TAMS 0x0000000082400000| PB 0x0000000082400000| Untracked |  0
|  37|0x0000000082500000, 0x0000000082500000, 0x0000000082600000|  0%| F|  |TAMS 0x0000000082500000| PB 0x0000000082500000| Untracked |  0
|  38|0x0000000082600000, 0x0000000082600000, 0x0000000082700000|  0%| F|  |TAMS 0x0000000082600000| PB 0x0000000082600000| Untracked |  0
|  39|0x0000000082700000, 0x0000000082700000, 0x0000000082800000|  0%| F|  |TAMS 0x0000000082700000| PB 0x0000000082700000| Untracked |  0
|  40|0x0000000082800000, 0x0000000082800000, 0x0000000082900000|  0%| F|  |TAMS 0x0000000082800000| PB 0x0000000082800000| Untracked |  0
|  41|0x0000000082900000, 0x0000000082900000, 0x0000000082a00000|  0%| F|  |TAMS 0x0000000082900000| PB 0x0000000082900000| Untracked |  0
|  42|0x0000000082a00000, 0x0000000082a00000, 0x0000000082b00000|  0%| F|  |TAMS 0x0000000082a00000| PB 0x0000000082a00000| Untracked |  0
|  43|0x0000000082b00000, 0x0000000082b00000, 0x0000000082c00000|  0%| F|  |TAMS 0x0000000082b00000| PB 0x0000000082b00000| Untracked |  0
|  44|0x0000000082c00000, 0x0000000082c00000, 0x0000000082d00000|  0%| F|  |TAMS 0x0000000082c00000| PB 0x0000000082c00000| Untracked |  0
|  45|0x0000000082d00000, 0x0000000082d00000, 0x0000000082e00000|  0%| F|  |TAMS 0x0000000082d00000| PB 0x0000000082d00000| Untracked |  0
|  46|0x0000000082e00000, 0x0000000082e00000, 0x0000000082f00000|  0%| F|  |TAMS 0x0000000082e00000| PB 0x0000000082e00000| Untracked |  0
|  47|0x0000000082f00000, 0x0000000082f00000, 0x0000000083000000|  0%| F|  |TAMS 0x0000000082f00000| PB 0x0000000082f00000| Untracked |  0
|  48|0x0000000083000000, 0x0000000083000000, 0x0000000083100000|  0%| F|  |TAMS 0x0000000083000000| PB 0x0000000083000000| Untracked |  0
|  49|0x0000000083100000, 0x0000000083100000, 0x0000000083200000|  0%| F|  |TAMS 0x0000000083100000| PB 0x0000000083100000| Untracked |  0
|  50|0x0000000083200000, 0x0000000083200000, 0x0000000083300000|  0%| F|  |TAMS 0x0000000083200000| PB 0x0000000083200000| Untracked |  0
|  51|0x0000000083300000, 0x0000000083300000, 0x0000000083400000|  0%| F|  |TAMS 0x0000000083300000| PB 0x0000000083300000| Untracked |  0
|  52|0x0000000083400000, 0x0000000083400000, 0x0000000083500000|  0%| F|  |TAMS 0x0000000083400000| PB 0x0000000083400000| Untracked |  0
|  53|0x0000000083500000, 0x0000000083500000, 0x0000000083600000|  0%| F|  |TAMS 0x0000000083500000| PB 0x0000000083500000| Untracked |  0
|  54|0x0000000083600000, 0x0000000083600000, 0x0000000083700000|  0%| F|  |TAMS 0x0000000083600000| PB 0x0000000083600000| Untracked |  0
|  55|0x0000000083700000, 0x0000000083700000, 0x0000000083800000|  0%| F|  |TAMS 0x0000000083700000| PB 0x0000000083700000| Untracked |  0
|  56|0x0000000083800000, 0x0000000083800000, 0x0000000083900000|  0%| F|  |TAMS 0x0000000083800000| PB 0x0000000083800000| Untracked |  0
|  57|0x0000000083900000, 0x0000000083900000, 0x0000000083a00000|  0%| F|  |TAMS 0x0000000083900000| PB 0x0000000083900000| Untracked |  0
|  58|0x0000000083a00000, 0x0000000083a00000, 0x0000000083b00000|  0%| F|  |TAMS 0x0000000083a00000| PB 0x0000000083a00000| Untracked |  0
|  59|0x0000000083b00000, 0x0000000083b00000, 0x0000000083c00000|  0%| F|  |TAMS 0x0000000083b00000| PB 0x0000000083b00000| Untracked |  0
|  60|0x0000000083c00000, 0x0000000083c00000, 0x0000000083d00000|  0%| F|  |TAMS 0x0000000083c00000| PB 0x0000000083c00000| Untracked |  0
|  61|0x0000000083d00000, 0x0000000083d00000, 0x0000000083e00000|  0%| F|  |TAMS 0x0000000083d00000| PB 0x0000000083d00000| Untracked |  0
|  62|0x0000000083e00000, 0x0000000083e7b120, 0x0000000083f00000| 48%| E|  |TAMS 0x0000000083e00000| PB 0x0000000083e00000| Complete |  0
|  63|0x0000000083f00000, 0x0000000084000000, 0x0000000084000000|100%| E|CS|TAMS 0x0000000083f00000| PB 0x0000000083f00000| Complete |  0
|2046|0x00000000ffe00000, 0x00000000fff00000, 0x00000000fff00000|100%| O|  |TAMS 0x00000000ffe00000| PB 0x00000000ffe00000| Untracked |  0
|2047|0x00000000fff00000, 0x00000000fff088f0, 0x0000000100000000|  3%| O|  |TAMS 0x00000000fff00000| PB 0x00000000fff00000| Untracked |  0

Card table byte_map: [0x00007f6904a24000,0x00007f6904e24000] _byte_map_base: 0x00007f6904624000

Marking Bits: (CMBitMap*) 0x00007f6900052500
 Bits: [0x00007f68e6b4c000, 0x00007f68e8b4c000)

Polling page: 0x00007f69078d7000

Metaspace:

Usage:
  Non-class:    274.84 KB used.
      Class:     31.79 KB used.
       Both:    306.62 KB used.

Virtual space:
  Non-class space:       64.00 MB reserved,     320.00 KB ( <1%) committed,  1 nodes.
      Class space:        1.00 GB reserved,     128.00 KB ( <1%) committed,  1 nodes.
             Both:        1.06 GB reserved,     448.00 KB ( <1%) committed. 

Chunk freelists:
   Non-Class:  11.89 MB
       Class:  15.72 MB
        Both:  27.61 MB

MaxMetaspaceSize: unlimited
CompressedClassSpaceSize: 1.00 GB
Initial GC threshold: 21.00 MB
Current GC threshold: 21.00 MB
CDS: on
 - commit_granule_bytes: 65536.
 - commit_granule_words: 8192.
 - virtual_space_node_default_size: 8388608.
 - enlarge_chunks_in_place: 1.
 - use_allocation_guard: 0.


Internal statistics:

num_allocs_failed_limit: 0.
num_arena_births: 4.
num_arena_deaths: 0.
num_vsnodes_births: 2.
num_vsnodes_deaths: 0.
num_space_committed: 7.
num_space_uncommitted: 0.
num_chunks_returned_to_freelist: 0.
num_chunks_taken_from_freelist: 15.
num_chunk_merges: 0.
num_chunk_splits: 6.
num_chunks_enlarged: 2.
num_inconsistent_stats: 0.

CodeHeap 'non-profiled nmethods': size=120028Kb used=14Kb max_used=14Kb free=120013Kb
 bounds [0x00007f68f0615000, 0x00007f68f0885000, 0x00007f68f7b4c000]
CodeHeap 'profiled nmethods': size=120028Kb used=81Kb max_used=81Kb free=119946Kb
 bounds [0x00007f68e8b4c000, 0x00007f68e8dbc000, 0x00007f68f0083000]
CodeHeap 'non-nmethods': size=5704Kb used=1217Kb max_used=1218Kb free=4486Kb
 bounds [0x00007f68f0083000, 0x00007f68f02f3000, 0x00007f68f0615000]
 total_blobs=411 nmethods=59 adapters=259
 compilation: enabled
              stopped_count=0, restarted_count=0
 full_count=0

Compilation events (20 events):
Event: 0.035 Thread 0x00007f6900117170 nmethod 47 0x00007f68f0618490 code [0x00007f68f0618600, 0x00007f68f0618688]
Event: 0.036 Thread 0x00007f6900118890 nmethod 51 0x00007f68e8b5cb10 code [0x00007f68e8b5ccc0, 0x00007f68e8b5cee0]
Event: 0.036 Thread 0x00007f6900118890   50       1       java.util.zip.Inflater$InflaterZStreamRef::address (5 bytes)
Event: 0.036 Thread 0x00007f6900118890 nmethod 50 0x00007f68f0618790 code [0x00007f68f0618920, 0x00007f68f06189e0]
Event: 0.036 Thread 0x00007f6900118890   52       3       jdk.internal.misc.Unsafe::getLongUnaligned (173 bytes)
Event: 0.036 Thread 0x00007f6900118890 nmethod 52 0x00007f68e8b5d010 code [0x00007f68e8b5d1e0, 0x00007f68e8b5d5b8]
Event: 0.036 Thread 0x00007f6900118890   53       3       jdk.internal.misc.Unsafe::toUnsignedLong (7 bytes)
Event: 0.036 Thread 0x00007f6900118890 nmethod 53 0x00007f68e8b5d690 code [0x00007f68e8b5d820, 0x00007f68e8b5d918]
Event: 0.036 Thread 0x00007f6900118890   54       3       java.lang.String::<init> (15 bytes)
Event: 0.036 Thread 0x00007f6900118890 nmethod 54 0x00007f68e8b5d990 code [0x00007f68e8b5db20, 0x00007f68e8b5dcd0]
Event: 0.037 Thread 0x00007f6900118890   55       3       java.lang.AbstractStringBuilder::putStringAt (19 bytes)
Event: 0.037 Thread 0x00007f6900118890 nmethod 55 0x00007f68e8b5dd90 code [0x00007f68e8b5df60, 0x00007f68e8b5e230]
Event: 0.037 Thread 0x00007f6900118890   56       3       java.lang.AbstractStringBuilder::inflateIfNeededFor (22 bytes)
Event: 0.037 Thread 0x00007f6900118890 nmethod 56 0x00007f68e8b5e390 code [0x00007f68e8b5e540, 0x00007f68e8b5e750]
Event: 0.037 Thread 0x00007f6900118890   57       3       java.util.Arrays::copyOfRange (82 bytes)
Event: 0.037 Thread 0x00007f6900118890 nmethod 57 0x00007f68e8b5e890 code [0x00007f68e8b5eb00, 0x00007f68e8b5f590]
Event: 0.037 Thread 0x00007f6900118890   58       3       java.lang.StringBuilder::append (8 bytes)
Event: 0.037 Thread 0x00007f6900118890 nmethod 58 0x00007f68e8b5f990 code [0x00007f68e8b5fb20, 0x00007f68e8b5fc68]
Event: 0.037 Thread 0x00007f6900118890   59       3       java.lang.AbstractStringBuilder::append (45 bytes)
Event: 0.038 Thread 0x00007f6900118890 nmethod 59 0x00007f68e8b5fd10 code [0x00007f68e8b5ff20, 0x00007f68e8b60438]

GC Heap History (0 events):
No events

Dll operation events (5 events):
Event: 0.004 Loaded shared library /home/albertotr/miniconda3/envs/beast/lib/jvm/lib/libjava.so
Event: 0.021 Loaded shared library /home/albertotr/miniconda3/envs/beast/lib/jvm/lib/libjsvml.so
Event: 0.024 Loaded shared library /home/albertotr/miniconda3/envs/beast/lib/jvm/lib/libnio.so
Event: 0.029 Loaded shared library /home/albertotr/miniconda3/envs/beast/lib/jvm/lib/libzip.so
Event: 0.038 Loaded shared library /home/albertotr/miniconda3/envs/beast/lib/libhmsbeagle-jni.so

Deoptimization events (0 events):
No events

Classes loaded (20 events):
Event: 0.031 Loading class org/w3c/dom/DOMException
Event: 0.031 Loading class org/w3c/dom/DOMException done
Event: 0.032 Loading class java/util/logging/Filter
Event: 0.032 Loading class java/util/logging/Filter done
Event: 0.032 Loading class java/util/logging/StreamHandler
Event: 0.032 Loading class java/util/logging/StreamHandler done
Event: 0.032 Loading class java/util/logging/ConsoleHandler
Event: 0.032 Loading class java/util/logging/ConsoleHandler done
Event: 0.032 Loading class java/io/Reader
Event: 0.032 Loading class java/io/Reader done
Event: 0.032 Loading class java/io/FileReader
Event: 0.032 Loading class java/io/InputStreamReader
Event: 0.032 Loading class java/io/InputStreamReader done
Event: 0.032 Loading class java/io/FileReader done
Event: 0.032 Loading class java/lang/AssertionError
Event: 0.032 Loading class java/lang/AssertionError done
Event: 0.034 Loading class java/lang/NumberFormatException
Event: 0.034 Loading class java/lang/NumberFormatException done
Event: 0.036 Loading class java/lang/UnsatisfiedLinkError
Event: 0.036 Loading class java/lang/UnsatisfiedLinkError done

Classes unloaded (0 events):
No events

Classes redefined (0 events):
No events

Internal exceptions (0 events):
No events

ZGC Phase Switch (0 events):
No events

VM Operations (0 events):
No events

Events (20 events):
Event: 0.003 Protecting memory [0x00007f6905e42000,0x00007f6905e46000] with protection modes 0
Event: 0.011 Thread 0x00007f6900016f60 Thread added: 0x00007f6900016f60
Event: 0.018 Thread 0x00007f690010f7c0 Thread added: 0x00007f690010f7c0
Event: 0.018 Protecting memory [0x00007f68e4111000,0x00007f68e4115000] with protection modes 0
Event: 0.019 Thread 0x00007f6900110e20 Thread added: 0x00007f6900110e20
Event: 0.019 Protecting memory [0x00007f68e4010000,0x00007f68e4014000] with protection modes 0
Event: 0.019 Thread 0x00007f6900112a40 Thread added: 0x00007f6900112a40
Event: 0.019 Protecting memory [0x00007f68cff00000,0x00007f68cff04000] with protection modes 0
Event: 0.020 Thread 0x00007f6900114090 Thread added: 0x00007f6900114090
Event: 0.020 Protecting memory [0x00007f68cfdff000,0x00007f68cfe03000] with protection modes 0
Event: 0.020 Thread 0x00007f6900115640 Thread added: 0x00007f6900115640
Event: 0.020 Protecting memory [0x00007f68cfcfe000,0x00007f68cfd02000] with protection modes 0
Event: 0.020 Thread 0x00007f6900117170 Thread added: 0x00007f6900117170
Event: 0.020 Protecting memory [0x00007f68cfbfd000,0x00007f68cfc01000] with protection modes 0
Event: 0.020 Thread 0x00007f6900118890 Thread added: 0x00007f6900118890
Event: 0.020 Protecting memory [0x00007f68cfafc000,0x00007f68cfb00000] with protection modes 0
Event: 0.022 Thread 0x00007f69001269d0 Thread added: 0x00007f69001269d0
Event: 0.023 Protecting memory [0x00007f68cf92a000,0x00007f68cf92e000] with protection modes 0
Event: 0.023 Thread 0x00007f690012b220 Thread added: 0x00007f690012b220
Event: 0.024 Protecting memory [0x00007f68cf829000,0x00007f68cf82d000] with protection modes 0


Dynamic libraries:
80000000-84000000 rw-p 00000000 00:00 0 
84000000-ffe00000 ---p 00000000 00:00 0 
ffe00000-fff09000 rw-p 00cb6000 08:20 558735                             /home/albertotr/miniconda3/envs/beast/lib/jvm/lib/server/classes.jsa
fff09000-100000000 rw-p 00000000 00:00 0 
555f8604b000-555f8604c000 r--p 00000000 08:20 525658                     /home/albertotr/miniconda3/envs/beast/lib/jvm/bin/java
555f8604c000-555f8604d000 r-xp 00001000 08:20 525658                     /home/albertotr/miniconda3/envs/beast/lib/jvm/bin/java
555f8604d000-555f8604e000 r--p 00002000 08:20 525658                     /home/albertotr/miniconda3/envs/beast/lib/jvm/bin/java
555f8604e000-555f8604f000 r--p 00002000 08:20 525658                     /home/albertotr/miniconda3/envs/beast/lib/jvm/bin/java
555f8604f000-555f86050000 rw-p 00003000 08:20 525658                     /home/albertotr/miniconda3/envs/beast/lib/jvm/bin/java
555f87f34000-555f87f7c000 rw-p 00000000 00:00 0                          [heap]
7f685c000000-7f685c021000 rw-p 00000000 00:00 0 
7f685c021000-7f6860000000 ---p 00000000 00:00 0 
7f6860000000-7f6860021000 rw-p 00000000 00:00 0 
7f6860021000-7f6864000000 ---p 00000000 00:00 0 
7f6864000000-7f686411f000 rw-p 00000000 00:00 0 
7f686411f000-7f6868000000 ---p 00000000 00:00 0 
7f6868000000-7f68680b5000 rw-p 00000000 00:00 0 
7f68680b5000-7f686c000000 ---p 00000000 00:00 0 
7f686c000000-7f686c021000 rw-p 00000000 00:00 0 
7f686c021000-7f6870000000 ---p 00000000 00:00 0 
7f6870000000-7f6870021000 rw-p 00000000 00:00 0 
7f6870021000-7f6874000000 ---p 00000000 00:00 0 
7f6874000000-7f6874021000 rw-p 00000000 00:00 0 
7f6874021000-7f6878000000 ---p 00000000 00:00 0 
7f6878000000-7f6878021000 rw-p 00000000 00:00 0 
7f6878021000-7f687c000000 ---p 00000000 00:00 0 
7f687c000000-7f687c021000 rw-p 00000000 00:00 0 
7f687c021000-7f6880000000 ---p 00000000 00:00 0 
7f6880000000-7f6880021000 rw-p 00000000 00:00 0 
7f6880021000-7f6884000000 ---p 00000000 00:00 0 
7f6884000000-7f6884030000 rw-p 00000000 00:00 0 
7f6884030000-7f6884400000 ---p 00000000 00:00 0 
7f6884400000-7f6884420000 rw-p 00000000 00:00 0 
7f6884420000-7f6888000000 ---p 00000000 00:00 0 
7f6888000000-7f6888021000 rw-p 00000000 00:00 0 
7f6888021000-7f688c000000 ---p 00000000 00:00 0 
7f688e000000-7f688ec77000 rw-p 00001000 08:20 558735                     /home/albertotr/miniconda3/envs/beast/lib/jvm/lib/server/classes.jsa
7f688ec77000-7f688f000000 ---p 00000000 00:00 0 
7f688f000000-7f688f010000 rw-p 00000000 00:00 0 
7f688f010000-7f688f040000 ---p 00000000 00:00 0 
7f688f040000-7f688f050000 rw-p 00000000 00:00 0 
7f688f050000-7f68cf000000 ---p 00000000 00:00 0 
7f68cf808000-7f68cf80d000 r--p 00000000 08:20 525120                     /home/albertotr/miniconda3/envs/beast/lib/libhmsbeagle.so.1
7f68cf80d000-7f68cf819000 r-xp 00005000 08:20 525120                     /home/albertotr/miniconda3/envs/beast/lib/libhmsbeagle.so.1
7f68cf819000-7f68cf81c000 r--p 00011000 08:20 525120                     /home/albertotr/miniconda3/envs/beast/lib/libhmsbeagle.so.1
7f68cf81c000-7f68cf81d000 r--p 00013000 08:20 525120                     /home/albertotr/miniconda3/envs/beast/lib/libhmsbeagle.so.1
7f68cf81d000-7f68cf81e000 rw-p 00014000 08:20 525120                     /home/albertotr/miniconda3/envs/beast/lib/libhmsbeagle.so.1
7f68cf81e000-7f68cf821000 r--p 00000000 08:20 524910                     /home/albertotr/miniconda3/envs/beast/lib/libhmsbeagle-jni.so
7f68cf821000-7f68cf824000 r-xp 00003000 08:20 524910                     /home/albertotr/miniconda3/envs/beast/lib/libhmsbeagle-jni.so
7f68cf824000-7f68cf826000 r--p 00006000 08:20 524910                     /home/albertotr/miniconda3/envs/beast/lib/libhmsbeagle-jni.so
7f68cf826000-7f68cf827000 r--p 00007000 08:20 524910                     /home/albertotr/miniconda3/envs/beast/lib/libhmsbeagle-jni.so
7f68cf827000-7f68cf828000 rw-p 00008000 08:20 524910                     /home/albertotr/miniconda3/envs/beast/lib/libhmsbeagle-jni.so
7f68cf828000-7f68cf829000 ---p 00000000 00:00 0 
7f68cf829000-7f68cf82d000 ---p 00000000 00:00 0 
7f68cf82d000-7f68cf929000 rw-p 00000000 00:00 0 
7f68cf929000-7f68cf92a000 ---p 00000000 00:00 0 
7f68cf92a000-7f68cf92e000 ---p 00000000 00:00 0 
7f68cf92e000-7f68cfa2a000 rw-p 00000000 00:00 0 
7f68cfa2a000-7f68cfa2f000 r--p 00000000 08:20 559405                     /home/albertotr/miniconda3/envs/beast/lib/jvm/lib/libjsvml.so
7f68cfa2f000-7f68cfa70000 r-xp 00005000 08:20 559405                     /home/albertotr/miniconda3/envs/beast/lib/jvm/lib/libjsvml.so
7f68cfa70000-7f68cfaf9000 r--p 00046000 08:20 559405                     /home/albertotr/miniconda3/envs/beast/lib/jvm/lib/libjsvml.so
7f68cfaf9000-7f68cfafa000 r--p 000ce000 08:20 559405                     /home/albertotr/miniconda3/envs/beast/lib/jvm/lib/libjsvml.so
7f68cfafa000-7f68cfafb000 rw-p 000cf000 08:20 559405                     /home/albertotr/miniconda3/envs/beast/lib/jvm/lib/libjsvml.so
7f68cfafb000-7f68cfafc000 ---p 00000000 00:00 0 
7f68cfafc000-7f68cfb00000 ---p 00000000 00:00 0 
7f68cfb00000-7f68cfbfc000 rw-p 00000000 00:00 0 
7f68cfbfc000-7f68cfbfd000 ---p 00000000 00:00 0 
7f68cfbfd000-7f68cfc01000 ---p 00000000 00:00 0 
7f68cfc01000-7f68cfcfd000 rw-p 00000000 00:00 0 
7f68cfcfd000-7f68cfcfe000 ---p 00000000 00:00 0 
7f68cfcfe000-7f68cfd02000 ---p 00000000 00:00 0 
7f68cfd02000-7f68cfdfe000 rw-p 00000000 00:00 0 
7f68cfdfe000-7f68cfdff000 ---p 00000000 00:00 0 
7f68cfdff000-7f68cfe03000 ---p 00000000 00:00 0 
7f68cfe03000-7f68cfeff000 rw-p 00000000 00:00 0 
7f68cfeff000-7f68cff00000 ---p 00000000 00:00 0 
7f68cff00000-7f68cff04000 ---p 00000000 00:00 0 
7f68cff04000-7f68d0000000 rw-p 00000000 00:00 0 
7f68d0000000-7f68d0021000 rw-p 00000000 00:00 0 
7f68d0021000-7f68d4000000 ---p 00000000 00:00 0 
7f68d4000000-7f68d4021000 rw-p 00000000 00:00 0 
7f68d4021000-7f68d8000000 ---p 00000000 00:00 0 
7f68d8000000-7f68d8021000 rw-p 00000000 00:00 0 
7f68d8021000-7f68dc000000 ---p 00000000 00:00 0 
7f68dc000000-7f68dc021000 rw-p 00000000 00:00 0 
7f68dc021000-7f68e0000000 ---p 00000000 00:00 0 
7f68e0000000-7f68e0021000 rw-p 00000000 00:00 0 
7f68e0021000-7f68e4000000 ---p 00000000 00:00 0 
7f68e4000000-7f68e4003000 r--p 00000000 08:20 558835                     /home/albertotr/miniconda3/envs/beast/lib/jvm/lib/libnet.so
7f68e4003000-7f68e400b000 r-xp 00003000 08:20 558835                     /home/albertotr/miniconda3/envs/beast/lib/jvm/lib/libnet.so
7f68e400b000-7f68e400d000 r--p 0000b000 08:20 558835                     /home/albertotr/miniconda3/envs/beast/lib/jvm/lib/libnet.so
7f68e400d000-7f68e400e000 r--p 0000c000 08:20 558835                     /home/albertotr/miniconda3/envs/beast/lib/jvm/lib/libnet.so
7f68e400e000-7f68e400f000 rw-p 0000d000 08:20 558835                     /home/albertotr/miniconda3/envs/beast/lib/jvm/lib/libnet.so
7f68e400f000-7f68e4010000 ---p 00000000 00:00 0 
7f68e4010000-7f68e4014000 ---p 00000000 00:00 0 
7f68e4014000-7f68e4110000 rw-p 00000000 00:00 0 
7f68e4110000-7f68e4111000 ---p 00000000 00:00 0 
7f68e4111000-7f68e4115000 ---p 00000000 00:00 0 
7f68e4115000-7f68e4211000 rw-p 00000000 00:00 0 
7f68e4211000-7f68e4268000 r--p 00000000 08:20 19620                      /usr/lib/locale/C.utf8/LC_CTYPE
7f68e4268000-7f68e4269000 ---p 00000000 00:00 0 
7f68e4269000-7f68e4369000 rw-p 00000000 00:00 0 
7f68e4369000-7f68e436a000 ---p 00000000 00:00 0 
7f68e436a000-7f68e4546000 rw-p 00000000 00:00 0 
7f68e4546000-7f68e4547000 ---p 00000000 00:00 0 
7f68e4547000-7f68e4647000 rw-p 00000000 00:00 0 
7f68e4647000-7f68e4648000 ---p 00000000 00:00 0 
7f68e4648000-7f68e6c4c000 rw-p 00000000 00:00 0 
7f68e6c4c000-7f68e8b44000 ---p 00000000 00:00 0 
7f68e8b44000-7f68e8b4c000 rw-p 00000000 00:00 0 
7f68e8b4c000-7f68e8dbc000 rwxp 00000000 00:00 0 
7f68e8dbc000-7f68f0083000 ---p 00000000 00:00 0 
7f68f0083000-7f68f02f3000 rwxp 00000000 00:00 0 
7f68f02f3000-7f68f0615000 ---p 00000000 00:00 0 
7f68f0615000-7f68f0885000 rwxp 00000000 00:00 0 
7f68f0885000-7f68f7b4c000 ---p 00000000 00:00 0 
7f68f7b4c000-7f6900000000 r--s 00000000 08:20 560117                     /home/albertotr/miniconda3/envs/beast/lib/jvm/lib/modules
7f6900000000-7f6900176000 rw-p 00000000 00:00 0 
7f6900176000-7f6904000000 ---p 00000000 00:00 0 
7f6904004000-7f6904006000 r--p 00000000 08:20 558906                     /home/albertotr/miniconda3/envs/beast/lib/jvm/lib/libzip.so
7f6904006000-7f690400a000 r-xp 00002000 08:20 558906                     /home/albertotr/miniconda3/envs/beast/lib/jvm/lib/libzip.so
7f690400a000-7f690400c000 r--p 00006000 08:20 558906                     /home/albertotr/miniconda3/envs/beast/lib/jvm/lib/libzip.so
7f690400c000-7f690400d000 r--p 00007000 08:20 558906                     /home/albertotr/miniconda3/envs/beast/lib/jvm/lib/libzip.so
7f690400d000-7f690400e000 rw-p 00008000 08:20 558906                     /home/albertotr/miniconda3/envs/beast/lib/jvm/lib/libzip.so
7f690400e000-7f6904016000 r--p 00000000 08:20 559087                     /home/albertotr/miniconda3/envs/beast/lib/jvm/lib/libnio.so
7f6904016000-7f690401f000 r-xp 00008000 08:20 559087                     /home/albertotr/miniconda3/envs/beast/lib/jvm/lib/libnio.so
7f690401f000-7f6904023000 r--p 00011000 08:20 559087                     /home/albertotr/miniconda3/envs/beast/lib/jvm/lib/libnio.so
7f6904023000-7f6904024000 r--p 00015000 08:20 559087                     /home/albertotr/miniconda3/envs/beast/lib/jvm/lib/libnio.so
7f6904024000-7f6904025000 rw-p 00016000 08:20 559087                     /home/albertotr/miniconda3/envs/beast/lib/jvm/lib/libnio.so
7f6904025000-7f6904026000 r--p 00000000 08:20 19627                      /usr/lib/locale/C.utf8/LC_NUMERIC
7f6904026000-7f6904027000 r--p 00000000 08:20 19630                      /usr/lib/locale/C.utf8/LC_TIME
7f6904027000-7f6904028000 r--p 00000000 08:20 19619                      /usr/lib/locale/C.utf8/LC_COLLATE
7f6904028000-7f6904029000 r--p 00000000 08:20 19625                      /usr/lib/locale/C.utf8/LC_MONETARY
7f6904029000-7f690402a000 r--p 00000000 08:20 19623                      /usr/lib/locale/C.utf8/LC_MESSAGES/SYS_LC_MESSAGES
7f690402a000-7f690402b000 r--p 00000000 08:20 19628                      /usr/lib/locale/C.utf8/LC_PAPER
7f690402b000-7f690402c000 r--p 00000000 08:20 19626                      /usr/lib/locale/C.utf8/LC_NAME
7f690402c000-7f690402d000 r--p 00000000 08:20 19618                      /usr/lib/locale/C.utf8/LC_ADDRESS
7f690402d000-7f6904034000 r--s 00000000 08:20 35965                      /usr/lib/x86_64-linux-gnu/gconv/gconv-modules.cache
7f6904034000-7f690467b000 rw-p 00000000 00:00 0 
7f690467b000-7f690467c000 ---p 00000000 00:00 0 
7f690467c000-7f690477c000 rw-p 00000000 00:00 0 
7f690477c000-7f690477d000 ---p 00000000 00:00 0 
7f690477d000-7f690487d000 rw-p 00000000 00:00 0 
7f690487d000-7f690487e000 ---p 00000000 00:00 0 
7f690487e000-7f6904a44000 rw-p 00000000 00:00 0 
7f6904a44000-7f6904e23000 ---p 00000000 00:00 0 
7f6904e23000-7f6904e44000 rw-p 00000000 00:00 0 
7f6904e44000-7f6905223000 ---p 00000000 00:00 0 
7f6905223000-7f6905c33000 rw-p 00000000 00:00 0 
7f6905c33000-7f6905d19000 ---p 00000000 00:00 0 
7f6905d19000-7f6905d1e000 rw-p 00000000 00:00 0 
7f6905d1e000-7f6905e04000 ---p 00000000 00:00 0 
7f6905e04000-7f6905e09000 rw-p 00000000 00:00 0 
7f6905e09000-7f6905e10000 ---p 00000000 00:00 0 
7f6905e10000-7f6905e1e000 r--p 00000000 08:20 558736                     /home/albertotr/miniconda3/envs/beast/lib/jvm/lib/libjava.so
7f6905e1e000-7f6905e2b000 r-xp 0000e000 08:20 558736                     /home/albertotr/miniconda3/envs/beast/lib/jvm/lib/libjava.so
7f6905e2b000-7f6905e30000 r--p 0001b000 08:20 558736                     /home/albertotr/miniconda3/envs/beast/lib/jvm/lib/libjava.so
7f6905e30000-7f6905e31000 r--p 00020000 08:20 558736                     /home/albertotr/miniconda3/envs/beast/lib/jvm/lib/libjava.so
7f6905e31000-7f6905e32000 rw-p 00021000 08:20 558736                     /home/albertotr/miniconda3/envs/beast/lib/jvm/lib/libjava.so
7f6905e32000-7f6905e33000 rw-p 00000000 00:00 0 
7f6905e33000-7f6905e3b000 rw-s 00000000 08:20 562442                     /tmp/hsperfdata_albertotr/142508
7f6905e3b000-7f6905e3d000 r--p 00000000 08:20 559331                     /home/albertotr/miniconda3/envs/beast/lib/jvm/lib/libjimage.so
7f6905e3d000-7f6905e3f000 r-xp 00002000 08:20 559331                     /home/albertotr/miniconda3/envs/beast/lib/jvm/lib/libjimage.so
7f6905e3f000-7f6905e40000 r--p 00004000 08:20 559331                     /home/albertotr/miniconda3/envs/beast/lib/jvm/lib/libjimage.so
7f6905e40000-7f6905e41000 r--p 00005000 08:20 559331                     /home/albertotr/miniconda3/envs/beast/lib/jvm/lib/libjimage.so
7f6905e41000-7f6905e42000 rw-p 00006000 08:20 559331                     /home/albertotr/miniconda3/envs/beast/lib/jvm/lib/libjimage.so
7f6905e42000-7f6905e46000 ---p 00000000 00:00 0 
7f6905e46000-7f6905f42000 rw-p 00000000 00:00 0 
7f6905f42000-7f6905f46000 r--p 00000000 08:20 405860                     /home/albertotr/miniconda3/envs/beast/lib/libgcc_s.so.1
7f6905f46000-7f6905f5b000 r-xp 00004000 08:20 405860                     /home/albertotr/miniconda3/envs/beast/lib/libgcc_s.so.1
7f6905f5b000-7f6905f5f000 r--p 00019000 08:20 405860                     /home/albertotr/miniconda3/envs/beast/lib/libgcc_s.so.1
7f6905f5f000-7f6905f60000 r--p 0001c000 08:20 405860                     /home/albertotr/miniconda3/envs/beast/lib/libgcc_s.so.1
7f6905f60000-7f6905f61000 rw-p 0001d000 08:20 405860                     /home/albertotr/miniconda3/envs/beast/lib/libgcc_s.so.1
7f6905f61000-7f6905f6f000 r--p 00000000 08:20 35669                      /usr/lib/x86_64-linux-gnu/libm.so.6
7f6905f6f000-7f6905feb000 r-xp 0000e000 08:20 35669                      /usr/lib/x86_64-linux-gnu/libm.so.6
7f6905feb000-7f6906046000 r--p 0008a000 08:20 35669                      /usr/lib/x86_64-linux-gnu/libm.so.6
7f6906046000-7f6906047000 r--p 000e4000 08:20 35669                      /usr/lib/x86_64-linux-gnu/libm.so.6
7f6906047000-7f6906048000 rw-p 000e5000 08:20 35669                      /usr/lib/x86_64-linux-gnu/libm.so.6
7f6906048000-7f69060f1000 r--p 00000000 08:20 405992                     /home/albertotr/miniconda3/envs/beast/lib/libstdc++.so.6.0.33
7f69060f1000-7f6906192000 r-xp 000a9000 08:20 405992                     /home/albertotr/miniconda3/envs/beast/lib/libstdc++.so.6.0.33
7f6906192000-7f6906218000 r--p 0014a000 08:20 405992                     /home/albertotr/miniconda3/envs/beast/lib/libstdc++.so.6.0.33
7f6906218000-7f6906223000 r--p 001d0000 08:20 405992                     /home/albertotr/miniconda3/envs/beast/lib/libstdc++.so.6.0.33
7f6906223000-7f6906227000 rw-p 001db000 08:20 405992                     /home/albertotr/miniconda3/envs/beast/lib/libstdc++.so.6.0.33
7f6906227000-7f690622b000 rw-p 00000000 00:00 0 
7f690622b000-7f690622c000 r--p 00000000 08:20 35713                      /usr/lib/x86_64-linux-gnu/librt.so.1
7f690622c000-7f690622d000 r-xp 00001000 08:20 35713                      /usr/lib/x86_64-linux-gnu/librt.so.1
7f690622d000-7f690622e000 r--p 00002000 08:20 35713                      /usr/lib/x86_64-linux-gnu/librt.so.1
7f690622e000-7f690622f000 r--p 00002000 08:20 35713                      /usr/lib/x86_64-linux-gnu/librt.so.1
7f690622f000-7f6906230000 rw-p 00003000 08:20 35713                      /usr/lib/x86_64-linux-gnu/librt.so.1
7f6906230000-7f69064b9000 r--p 00000000 08:20 559089                     /home/albertotr/miniconda3/envs/beast/lib/jvm/lib/server/libjvm.so
7f69064b9000-7f6907288000 r-xp 00289000 08:20 559089                     /home/albertotr/miniconda3/envs/beast/lib/jvm/lib/server/libjvm.so
7f6907288000-7f6907510000 r--p 01058000 08:20 559089                     /home/albertotr/miniconda3/envs/beast/lib/jvm/lib/server/libjvm.so
7f6907510000-7f69075db000 r--p 012e0000 08:20 559089                     /home/albertotr/miniconda3/envs/beast/lib/jvm/lib/server/libjvm.so
7f69075db000-7f690760a000 rw-p 013ab000 08:20 559089                     /home/albertotr/miniconda3/envs/beast/lib/jvm/lib/server/libjvm.so
7f690760a000-7f6907686000 rw-p 00000000 00:00 0 
7f6907686000-7f6907687000 r--p 00000000 08:20 35679                      /usr/lib/x86_64-linux-gnu/libpthread.so.0
7f6907687000-7f6907688000 r-xp 00001000 08:20 35679                      /usr/lib/x86_64-linux-gnu/libpthread.so.0
7f6907688000-7f6907689000 r--p 00002000 08:20 35679                      /usr/lib/x86_64-linux-gnu/libpthread.so.0
7f6907689000-7f690768a000 r--p 00002000 08:20 35679                      /usr/lib/x86_64-linux-gnu/libpthread.so.0
7f690768a000-7f690768b000 rw-p 00003000 08:20 35679                      /usr/lib/x86_64-linux-gnu/libpthread.so.0
7f690768b000-7f690768c000 r--p 00000000 08:20 35668                      /usr/lib/x86_64-linux-gnu/libdl.so.2
7f690768c000-7f690768d000 r-xp 00001000 08:20 35668                      /usr/lib/x86_64-linux-gnu/libdl.so.2
7f690768d000-7f690768e000 r--p 00002000 08:20 35668                      /usr/lib/x86_64-linux-gnu/libdl.so.2
7f690768e000-7f690768f000 r--p 00002000 08:20 35668                      /usr/lib/x86_64-linux-gnu/libdl.so.2
7f690768f000-7f6907690000 rw-p 00003000 08:20 35668                      /usr/lib/x86_64-linux-gnu/libdl.so.2
7f6907690000-7f6907693000 r--p 00000000 08:20 260508                     /home/albertotr/miniconda3/envs/beast/lib/libz.so.1.3.1
7f6907693000-7f69076a2000 r-xp 00003000 08:20 260508                     /home/albertotr/miniconda3/envs/beast/lib/libz.so.1.3.1
7f69076a2000-7f69076a9000 r--p 00012000 08:20 260508                     /home/albertotr/miniconda3/envs/beast/lib/libz.so.1.3.1
7f69076a9000-7f69076aa000 r--p 00018000 08:20 260508                     /home/albertotr/miniconda3/envs/beast/lib/libz.so.1.3.1
7f69076aa000-7f69076ab000 rw-p 00019000 08:20 260508                     /home/albertotr/miniconda3/envs/beast/lib/libz.so.1.3.1
7f69076ab000-7f69076d3000 r--p 00000000 08:20 35666                      /usr/lib/x86_64-linux-gnu/libc.so.6
7f69076d3000-7f6907868000 r-xp 00028000 08:20 35666                      /usr/lib/x86_64-linux-gnu/libc.so.6
7f6907868000-7f69078c0000 r--p 001bd000 08:20 35666                      /usr/lib/x86_64-linux-gnu/libc.so.6
7f69078c0000-7f69078c1000 ---p 00215000 08:20 35666                      /usr/lib/x86_64-linux-gnu/libc.so.6
7f69078c1000-7f69078c5000 r--p 00215000 08:20 35666                      /usr/lib/x86_64-linux-gnu/libc.so.6
7f69078c5000-7f69078c7000 rw-p 00219000 08:20 35666                      /usr/lib/x86_64-linux-gnu/libc.so.6
7f69078c7000-7f69078d4000 rw-p 00000000 00:00 0 
7f69078d4000-7f69078d5000 r--p 00000000 08:20 19629                      /usr/lib/locale/C.utf8/LC_TELEPHONE
7f69078d5000-7f69078d6000 r--p 00000000 08:20 19622                      /usr/lib/locale/C.utf8/LC_MEASUREMENT
7f69078d6000-7f69078d7000 r--p 00000000 08:20 19621                      /usr/lib/locale/C.utf8/LC_IDENTIFICATION
7f69078d7000-7f69078d8000 ---p 00000000 00:00 0 
7f69078d8000-7f69078d9000 r--p 00000000 00:00 0 
7f69078d9000-7f69078dc000 r--p 00000000 08:20 559358                     /home/albertotr/miniconda3/envs/beast/lib/jvm/lib/libjli.so
7f69078dc000-7f69078e6000 r-xp 00003000 08:20 559358                     /home/albertotr/miniconda3/envs/beast/lib/jvm/lib/libjli.so
7f69078e6000-7f69078e9000 r--p 0000d000 08:20 559358                     /home/albertotr/miniconda3/envs/beast/lib/jvm/lib/libjli.so
7f69078e9000-7f69078ea000 r--p 00010000 08:20 559358                     /home/albertotr/miniconda3/envs/beast/lib/jvm/lib/libjli.so
7f69078ea000-7f69078eb000 rw-p 00011000 08:20 559358                     /home/albertotr/miniconda3/envs/beast/lib/jvm/lib/libjli.so
7f69078eb000-7f69078ed000 rw-p 00000000 00:00 0 
7f69078ed000-7f69078ef000 r--p 00000000 08:20 35663                      /usr/lib/x86_64-linux-gnu/ld-linux-x86-64.so.2
7f69078ef000-7f6907919000 r-xp 00002000 08:20 35663                      /usr/lib/x86_64-linux-gnu/ld-linux-x86-64.so.2
7f6907919000-7f6907924000 r--p 0002c000 08:20 35663                      /usr/lib/x86_64-linux-gnu/ld-linux-x86-64.so.2
7f6907924000-7f6907925000 ---p 00000000 00:00 0 
7f6907925000-7f6907927000 r--p 00037000 08:20 35663                      /usr/lib/x86_64-linux-gnu/ld-linux-x86-64.so.2
7f6907927000-7f6907929000 rw-p 00039000 08:20 35663                      /usr/lib/x86_64-linux-gnu/ld-linux-x86-64.so.2
7fff34a4f000-7fff34a70000 rw-p 00000000 00:00 0                          [stack]
7fff34b0b000-7fff34b0f000 r--p 00000000 00:00 0                          [vvar]
7fff34b0f000-7fff34b11000 r-xp 00000000 00:00 0                          [vdso]
Total number of mappings: 237


VM Arguments:
jvm_args: -Xms64m -Xmx2048m -Djava.library.path=/home/albertotr/miniconda3/envs/beast/lib:/usr/local/lib: 
java_command: dr.app.beast.BeastMain -beagle_info
java_class_path (initial): /home/albertotr/miniconda3/envs/beast/lib/beast.jar:/home/albertotr/miniconda3/envs/beast/lib/beast-beagle.jar
Launcher Type: SUN_STANDARD

[Global flags]
     intx CICompilerCount                          = 4                                         {product} {ergonomic}
     uint ConcGCThreads                            = 3                                         {product} {ergonomic}
     uint G1ConcRefinementThreads                  = 10                                        {product} {ergonomic}
   size_t G1HeapRegionSize                         = 1048576                                   {product} {ergonomic}
   size_t InitialHeapSize                          = 67108864                                  {product} {command line}
   size_t MarkStackSize                            = 4194304                                   {product} {ergonomic}
   size_t MaxHeapSize                              = 2147483648                                {product} {command line}
   size_t MaxNewSize                               = 1287651328                                {product} {ergonomic}
   size_t MinHeapDeltaBytes                        = 1048576                                   {product} {ergonomic}
   size_t MinHeapSize                              = 67108864                                  {product} {command line}
    uintx NonNMethodCodeHeapSize                   = 5839372                                {pd product} {ergonomic}
    uintx NonProfiledCodeHeapSize                  = 122909434                              {pd product} {ergonomic}
    uintx ProfiledCodeHeapSize                     = 122909434                              {pd product} {ergonomic}
    uintx ReservedCodeCacheSize                    = 251658240                              {pd product} {ergonomic}
     bool SegmentedCodeCache                       = true                                      {product} {ergonomic}
   size_t SoftMaxHeapSize                          = 2147483648                             {manageable} {ergonomic}
     bool UseCompressedOops                        = true                           {product lp64_product} {ergonomic}
     bool UseG1GC                                  = true                                      {product} {ergonomic}

Logging:
Log output configuration:
 #0: stdout all=warning uptime,level,tags foldmultilines=false
 #1: stderr all=off uptime,level,tags foldmultilines=false

Environment Variables:
JAVA_HOME=/home/albertotr/miniconda3/envs/beast/lib/jvm
PATH=/home/albertotr/miniconda3/envs/beast/bin:/home/albertotr/miniconda3/condabin:/home/linuxbrew/.linuxbrew/bin:/home/linuxbrew/.linuxbrew/sbin:/usr/local/sbin:/usr/local/bin:/usr/sbin:/usr/bin:/sbin:/bin:/usr/games:/usr/local/games:/usr/lib/wsl/lib:/mnt/c/WINDOWS/system32:/mnt/c/WINDOWS:/mnt/c/WINDOWS/System32/Wbem:/mnt/c/WINDOWS/System32/WindowsPowerShell/v1.0:/mnt/c/WINDOWS/System32/OpenSSH:/mnt/c/Program Files/WindowsPowerShell/Scripts/HP.ClientScriptLibrary:/mnt/c/Program Files/MATLAB/2023a/runtime/win64:/mnt/c/Program Files/MATLAB/2023a/bin:/mnt/c/Program Files/PuTTY:/mnt/c/Users/at991/AppData/Local/Microsoft/WindowsApps:/mnt/c/Users/at991/AppData/Local/JetBrains/PyCharm 2024.1.2/bin:/mnt/c/Users/at991/AppData/Local/Programs/Git/cmd:/snap/bin
SHELL=/bin/bash
DISPLAY=:0
HOSTTYPE=x86_64
LANG=C.UTF-8
TERM=xterm-256color

Active Locale:
LC_ALL=C.UTF-8
LC_COLLATE=C.UTF-8
LC_CTYPE=C.UTF-8
LC_MESSAGES=C.UTF-8
LC_MONETARY=C.UTF-8
LC_NUMERIC=C.UTF-8
LC_TIME=C.UTF-8

Signal Handlers:
   SIGSEGV: crash_handler in libjvm.so, mask=11100100010111111101111111111110, flags=SA_RESTART|SA_SIGINFO, unblocked
    SIGBUS: crash_handler in libjvm.so, mask=11100100010111111101111111111110, flags=SA_RESTART|SA_SIGINFO, unblocked
    SIGFPE: crash_handler in libjvm.so, mask=11100100010111111101111111111110, flags=SA_RESTART|SA_SIGINFO, unblocked
   SIGPIPE: javaSignalHandler in libjvm.so, mask=11100100010111111101111111111110, flags=SA_RESTART|SA_SIGINFO, blocked
   SIGXFSZ: javaSignalHandler in libjvm.so, mask=11100100010111111101111111111110, flags=SA_RESTART|SA_SIGINFO, blocked
    SIGILL: crash_handler in libjvm.so, mask=11100100010111111101111111111110, flags=SA_RESTART|SA_SIGINFO, unblocked
   SIGUSR2: SR_handler in libjvm.so, mask=00000000000000000000000000000000, flags=SA_RESTART|SA_SIGINFO, blocked
    SIGHUP: UserHandler in libjvm.so, mask=11100100010111111101111111111110, flags=SA_RESTART|SA_SIGINFO, blocked
    SIGINT: UserHandler in libjvm.so, mask=11100100010111111101111111111110, flags=SA_RESTART|SA_SIGINFO, blocked
   SIGTERM: UserHandler in libjvm.so, mask=11100100010111111101111111111110, flags=SA_RESTART|SA_SIGINFO, blocked
   SIGQUIT: UserHandler in libjvm.so, mask=11100100010111111101111111111110, flags=SA_RESTART|SA_SIGINFO, blocked
   SIGTRAP: crash_handler in libjvm.so, mask=11100100010111111101111111111110, flags=SA_RESTART|SA_SIGINFO, unblocked


Periodic native trim disabled

---------------  S Y S T E M  ---------------

OS:
DISTRIB_ID=Ubuntu
DISTRIB_RELEASE=22.04
DISTRIB_CODENAME=jammy
DISTRIB_DESCRIPTION="Ubuntu 22.04.4 LTS"
uname: Linux 5.15.153.1-microsoft-standard-WSL2 #1 SMP Fri Mar 29 23:14:13 UTC 2024 x86_64
OS uptime: 0 days 5:21 hours
libc: glibc 2.35 NPTL 2.35 
rlimit (soft/hard): STACK 8192k/infinity , CORE 0k/infinity , NPROC 63234/63234 , NOFILE 1048576/1048576 , AS infinity/infinity , CPU infinity/infinity , DATA infinity/infinity , FSIZE infinity/infinity , MEMLOCK 65536k/65536k
load average: 0.31 0.12 0.04

/proc/meminfo:
MemTotal:       16194748 kB
MemFree:        13501984 kB
MemAvailable:   15121288 kB
Buffers:           74512 kB
Cached:          1737216 kB
SwapCached:            0 kB
Active:           379796 kB
Inactive:        1859148 kB
Active(anon):       2076 kB
Inactive(anon):   428584 kB
Active(file):     377720 kB
Inactive(file):  1430564 kB
Unevictable:           0 kB
Mlocked:               0 kB
SwapTotal:       4194304 kB
SwapFree:        4194304 kB
Dirty:            593332 kB
Writeback:             0 kB
AnonPages:        418944 kB
Mapped:           194648 kB
Shmem:              3484 kB
KReclaimable:     117444 kB
Slab:             179004 kB
SReclaimable:     117444 kB
SUnreclaim:        61560 kB
KernelStack:        5760 kB
PageTables:         6420 kB
NFS_Unstable:          0 kB
Bounce:                0 kB
WritebackTmp:          0 kB
CommitLimit:    12291676 kB
Committed_AS:    4412372 kB
VmallocTotal:   34359738367 kB
VmallocUsed:       27604 kB
VmallocChunk:          0 kB
Percpu:             7424 kB
AnonHugePages:    182272 kB
ShmemHugePages:        0 kB
ShmemPmdMapped:        0 kB
FileHugePages:         0 kB
FilePmdMapped:         0 kB
HugePages_Total:       0
HugePages_Free:        0
HugePages_Rsvd:        0
HugePages_Surp:        0
Hugepagesize:       2048 kB
Hugetlb:               0 kB
DirectMap4k:      111616 kB
DirectMap2M:    11233280 kB
DirectMap1G:    13631488 kB

/sys/kernel/mm/transparent_hugepage/enabled: [always] madvise never
/sys/kernel/mm/transparent_hugepage/hpage_pmd_size: 2097152
/sys/kernel/mm/transparent_hugepage/shmem_enabled: always within_size advise [never] deny force
/sys/kernel/mm/transparent_hugepage/defrag (defrag/compaction efforts parameter): always defer defer+madvise [madvise] never

Process Memory:
Virtual Size: 4871544K (peak: 4871544K)
Resident Set Size: 48932K (peak: 48932K) (anon: 25812K, file: 23120K, shmem: 0K)
Swapped out: 0K
C-Heap outstanding allocations: 28920K, retained: 2335K
glibc malloc tunables: (default)

/proc/sys/kernel/threads-max (system-wide limit on the number of threads): 126469
/proc/sys/vm/max_map_count (maximum number of memory map areas a process may have): 65530
/proc/sys/kernel/pid_max (system-wide limit on number of process identifiers): 4194304

container (cgroup) information:
container_type: cgroupv1
cpu_cpuset_cpus: 0-11
cpu_memory_nodes: 0
active_processor_count: 12
cpu_quota: no quota
cpu_period: 100000
cpu_shares: no shares
memory_limit_in_bytes: unlimited
memory_and_swap_limit_in_bytes: unlimited
memory_soft_limit_in_bytes: unlimited
memory_usage_in_bytes: 2230696 k
memory_max_usage_in_bytes: 760380 k
kernel_memory_usage_in_bytes: 21708 k
kernel_memory_max_usage_in_bytes: unlimited
kernel_memory_limit_in_bytes: 30332 k
maximum number of tasks: not supported
current number of tasks: not supported

Hyper-V virtualization detected
Steal ticks since vm start: 0
Steal ticks percentage since vm start:  0.000

CPU: total 12 (initial active 12) (8 cores per cpu, 2 threads per core) family 6 model 186 stepping 3 microcode 0xffffffff, cx8, cmov, fxsr, ht, mmx, 3dnowpref, sse, sse2, sse3, ssse3, sse4.1, sse4.2, popcnt, lzcnt, tsc, tscinvbit, avx, avx2, aes, erms, clmul, bmi1, bmi2, adx, sha, fma, vzeroupper, clflush, clflushopt, clwb, hv, serialize, rdtscp, rdpid, fsrm, f16c, cet_ibt, cet_ss
CPU Model and flags from /proc/cpuinfo:
model name	: 13th Gen Intel(R) Core(TM) i7-1355U
flags		: fpu vme de pse tsc msr pae mce cx8 apic sep mtrr pge mca cmov pat pse36 clflush mmx fxsr sse sse2 ss ht syscall nx pdpe1gb rdtscp lm constant_tsc rep_good nopl xtopology tsc_reliable nonstop_tsc cpuid pni pclmulqdq vmx ssse3 fma cx16 sse4_1 sse4_2 x2apic movbe popcnt tsc_deadline_timer aes xsave avx f16c rdrand hypervisor lahf_lm abm 3dnowprefetch ssbd ibrs ibpb stibp ibrs_enhanced tpr_shadow vnmi ept vpid ept_ad fsgsbase tsc_adjust bmi1 avx2 smep bmi2 erms invpcid rdseed adx smap clflushopt clwb sha_ni xsaveopt xsavec xgetbv1 xsaves avx_vnni umip waitpkg gfni vaes vpclmulqdq rdpid movdiri movdir64b fsrm md_clear serialize flush_l1d arch_capabilities

Online cpus: 0-11
Offline cpus: 
BIOS frequency limitation: <Not Available>
Frequency switch latency (ns): <Not Available>
Available cpu frequencies: <Not Available>
Current governor: <Not Available>
Core performance/turbo boost: <Not Available>

Memory: 4k page, physical 16194748k(15121288k free), swap 4194304k(4194304k free)
Page Sizes: 4k

vm_info: OpenJDK 64-Bit Server VM (22.0.1-internal-adhoc.conda.src) for linux-amd64 JRE (22.0.1-internal-adhoc.conda.src), built on 2024-07-23T07:04:46Z by "conda" with gcc 12.4.0

END.
